2023/06/14 19:48:34 - mmengine - INFO - 
------------------------------------------------------------
System environment:
    sys.platform: linux
    Python: 3.8.10 (default, Jun  4 2021, 15:09:15) [GCC 7.5.0]
    CUDA available: True
    numpy_random_seed: 1250696239
    GPU 0: NVIDIA RTX A5000
    CUDA_HOME: /usr/local/cuda
    NVCC: Cuda compilation tools, release 11.3, V11.3.109
    GCC: gcc (Ubuntu 9.3.0-17ubuntu1~20.04) 9.3.0
    PyTorch: 1.10.0+cu113
    PyTorch compiling details: PyTorch built with:
  - GCC 7.3
  - C++ Version: 201402
  - Intel(R) Math Kernel Library Version 2020.0.0 Product Build 20191122 for Intel(R) 64 architecture applications
  - Intel(R) MKL-DNN v2.2.3 (Git Hash 7336ca9f055cf1bfa13efb658fe15dc9b41f0740)
  - OpenMP 201511 (a.k.a. OpenMP 4.5)
  - LAPACK is enabled (usually provided by MKL)
  - NNPACK is enabled
  - CPU capability usage: AVX2
  - CUDA Runtime 11.3
  - NVCC architecture flags: -gencode;arch=compute_37,code=sm_37;-gencode;arch=compute_50,code=sm_50;-gencode;arch=compute_60,code=sm_60;-gencode;arch=compute_70,code=sm_70;-gencode;arch=compute_75,code=sm_75;-gencode;arch=compute_80,code=sm_80;-gencode;arch=compute_86,code=sm_86
  - CuDNN 8.2
  - Magma 2.5.2
  - Build settings: BLAS_INFO=mkl, BUILD_TYPE=Release, CUDA_VERSION=11.3, CUDNN_VERSION=8.2.0, CXX_COMPILER=/opt/rh/devtoolset-7/root/usr/bin/c++, CXX_FLAGS= -Wno-deprecated -fvisibility-inlines-hidden -DUSE_PTHREADPOOL -fopenmp -DNDEBUG -DUSE_KINETO -DUSE_FBGEMM -DUSE_QNNPACK -DUSE_PYTORCH_QNNPACK -DUSE_XNNPACK -DSYMBOLICATE_MOBILE_DEBUG_HANDLE -DEDGE_PROFILER_USE_KINETO -O2 -fPIC -Wno-narrowing -Wall -Wextra -Werror=return-type -Wno-missing-field-initializers -Wno-type-limits -Wno-array-bounds -Wno-unknown-pragmas -Wno-sign-compare -Wno-unused-parameter -Wno-unused-variable -Wno-unused-function -Wno-unused-result -Wno-unused-local-typedefs -Wno-strict-overflow -Wno-strict-aliasing -Wno-error=deprecated-declarations -Wno-stringop-overflow -Wno-psabi -Wno-error=pedantic -Wno-error=redundant-decls -Wno-error=old-style-cast -fdiagnostics-color=always -faligned-new -Wno-unused-but-set-variable -Wno-maybe-uninitialized -fno-math-errno -fno-trapping-math -Werror=format -Wno-stringop-overflow, LAPACK_INFO=mkl, PERF_WITH_AVX=1, PERF_WITH_AVX2=1, PERF_WITH_AVX512=1, TORCH_VERSION=1.10.0, USE_CUDA=ON, USE_CUDNN=ON, USE_EXCEPTION_PTR=1, USE_GFLAGS=OFF, USE_GLOG=OFF, USE_MKL=ON, USE_MKLDNN=ON, USE_MPI=OFF, USE_NCCL=ON, USE_NNPACK=ON, USE_OPENMP=ON, 

    TorchVision: 0.11.1+cu113
    OpenCV: 4.7.0
    MMEngine: 0.7.0

Runtime environment:
    cudnn_benchmark: True
    mp_cfg: {'mp_start_method': 'fork', 'opencv_num_threads': 0}
    dist_cfg: {'backend': 'nccl'}
    seed: None
    Distributed launcher: none
    Distributed training: False
    GPU number: 1
------------------------------------------------------------

2023/06/14 19:48:34 - mmengine - INFO - Config:
norm_cfg = dict(type='SyncBN', requires_grad=True)
data_preprocessor = dict(
    type='SegDataPreProcessor',
    mean=[123.675, 116.28, 103.53],
    std=[58.395, 57.12, 57.375],
    bgr_to_rgb=True,
    pad_val=0,
    seg_pad_val=255,
    size=(512, 512))
model = dict(
    type='EncoderDecoder',
    data_preprocessor=dict(
        type='SegDataPreProcessor',
        mean=[123.675, 116.28, 103.53],
        std=[58.395, 57.12, 57.375],
        bgr_to_rgb=True,
        pad_val=0,
        seg_pad_val=255,
        size=(512, 512)),
    pretrained='open-mmlab://resnet50_v1c',
    backbone=dict(
        type='ResNetV1c',
        depth=50,
        num_stages=4,
        out_indices=(0, 1, 2, 3),
        dilations=(1, 1, 2, 4),
        strides=(1, 2, 1, 1),
        norm_cfg=dict(type='SyncBN', requires_grad=True),
        norm_eval=False,
        style='pytorch',
        contract_dilation=True),
    decode_head=dict(
        type='PSPHead',
        in_channels=2048,
        in_index=3,
        channels=512,
        pool_scales=(1, 2, 3, 6),
        dropout_ratio=0.1,
        num_classes=5,
        norm_cfg=dict(type='SyncBN', requires_grad=True),
        align_corners=False,
        loss_decode=dict(
            type='CrossEntropyLoss', use_sigmoid=False, loss_weight=1.0)),
    auxiliary_head=dict(
        type='FCNHead',
        in_channels=1024,
        in_index=2,
        channels=256,
        num_convs=1,
        concat_input=False,
        dropout_ratio=0.1,
        num_classes=5,
        norm_cfg=dict(type='SyncBN', requires_grad=True),
        align_corners=False,
        loss_decode=dict(
            type='CrossEntropyLoss', use_sigmoid=False, loss_weight=0.4)),
    train_cfg=dict(),
    test_cfg=dict(mode='whole'))
dataset_type = 'XiguaDataset'
data_root = 'xigua'
crop_size = (512, 512)
train_pipeline = [
    dict(type='LoadImageFromFile'),
    dict(type='LoadAnnotations', reduce_zero_label=True),
    dict(
        type='RandomResize',
        scale=(2048, 512),
        ratio_range=(0.5, 2.0),
        keep_ratio=True),
    dict(type='RandomCrop', crop_size=(512, 512), cat_max_ratio=0.75),
    dict(type='RandomFlip', prob=0.5),
    dict(type='PhotoMetricDistortion'),
    dict(type='PackSegInputs')
]
test_pipeline = [
    dict(type='LoadImageFromFile'),
    dict(type='Resize', scale=(2048, 512), keep_ratio=True),
    dict(type='LoadAnnotations', reduce_zero_label=True),
    dict(type='PackSegInputs')
]
img_ratios = [0.5, 0.75, 1.0, 1.25, 1.5, 1.75]
tta_pipeline = [
    dict(type='LoadImageFromFile', backend_args=None),
    dict(
        type='TestTimeAug',
        transforms=[[{
            'type': 'Resize',
            'scale_factor': 0.5,
            'keep_ratio': True
        }, {
            'type': 'Resize',
            'scale_factor': 0.75,
            'keep_ratio': True
        }, {
            'type': 'Resize',
            'scale_factor': 1.0,
            'keep_ratio': True
        }, {
            'type': 'Resize',
            'scale_factor': 1.25,
            'keep_ratio': True
        }, {
            'type': 'Resize',
            'scale_factor': 1.5,
            'keep_ratio': True
        }, {
            'type': 'Resize',
            'scale_factor': 1.75,
            'keep_ratio': True
        }],
                    [{
                        'type': 'RandomFlip',
                        'prob': 0.0,
                        'direction': 'horizontal'
                    }, {
                        'type': 'RandomFlip',
                        'prob': 1.0,
                        'direction': 'horizontal'
                    }], [{
                        'type': 'LoadAnnotations'
                    }], [{
                        'type': 'PackSegInputs'
                    }]])
]
train_dataloader = dict(
    batch_size=4,
    num_workers=4,
    persistent_workers=True,
    sampler=dict(type='InfiniteSampler', shuffle=True),
    dataset=dict(
        type='XiguaDataset',
        data_root='xigua/',
        data_prefix=dict(
            img_path='img_dir/train', seg_map_path='ann_dir/train'),
        pipeline=[
            dict(type='LoadImageFromFile'),
            dict(type='LoadAnnotations', reduce_zero_label=True),
            dict(
                type='RandomResize',
                scale=(2048, 512),
                ratio_range=(0.5, 2.0),
                keep_ratio=True),
            dict(type='RandomCrop', crop_size=(512, 512), cat_max_ratio=0.75),
            dict(type='RandomFlip', prob=0.5),
            dict(type='PhotoMetricDistortion'),
            dict(type='PackSegInputs')
        ]))
val_dataloader = dict(
    batch_size=1,
    num_workers=4,
    persistent_workers=True,
    sampler=dict(type='DefaultSampler', shuffle=False),
    dataset=dict(
        type='XiguaDataset',
        data_root='xigua/',
        data_prefix=dict(img_path='img_dir/val', seg_map_path='ann_dir/val'),
        pipeline=[
            dict(type='LoadImageFromFile'),
            dict(type='Resize', scale=(2048, 512), keep_ratio=True),
            dict(type='LoadAnnotations', reduce_zero_label=True),
            dict(type='PackSegInputs')
        ]))
test_dataloader = dict(
    batch_size=1,
    num_workers=4,
    persistent_workers=True,
    sampler=dict(type='DefaultSampler', shuffle=False),
    dataset=dict(
        type='XiguaDataset',
        data_root='xigua/',
        data_prefix=dict(img_path='img_dir/val', seg_map_path='ann_dir/val'),
        pipeline=[
            dict(type='LoadImageFromFile'),
            dict(type='Resize', scale=(2048, 512), keep_ratio=True),
            dict(type='LoadAnnotations', reduce_zero_label=True),
            dict(type='PackSegInputs')
        ]))
val_evaluator = dict(type='IoUMetric', iou_metrics=['mIoU'])
test_evaluator = dict(type='IoUMetric', iou_metrics=['mIoU'])
default_scope = 'mmseg'
env_cfg = dict(
    cudnn_benchmark=True,
    mp_cfg=dict(mp_start_method='fork', opencv_num_threads=0),
    dist_cfg=dict(backend='nccl'))
vis_backends = [dict(type='LocalVisBackend')]
visualizer = dict(
    type='SegLocalVisualizer',
    vis_backends=[dict(type='LocalVisBackend')],
    name='visualizer')
log_processor = dict(by_epoch=False)
log_level = 'INFO'
load_from = None
resume = False
tta_model = dict(type='SegTTAModel')
optimizer = dict(type='SGD', lr=0.01, momentum=0.9, weight_decay=0.0005)
optim_wrapper = dict(
    type='OptimWrapper',
    optimizer=dict(type='SGD', lr=0.01, momentum=0.9, weight_decay=0.0005),
    clip_grad=None)
param_scheduler = [
    dict(
        type='PolyLR',
        eta_min=0.0001,
        power=0.9,
        begin=0,
        end=10000,
        by_epoch=False)
]
train_cfg = dict(type='IterBasedTrainLoop', max_iters=10000, val_interval=500)
val_cfg = dict(type='ValLoop')
test_cfg = dict(type='TestLoop')
default_hooks = dict(
    timer=dict(type='IterTimerHook'),
    logger=dict(type='LoggerHook', interval=50, log_metric_by_epoch=False),
    param_scheduler=dict(type='ParamSchedulerHook'),
    checkpoint=dict(
        type='CheckpointHook', by_epoch=False, interval=500, save_best='auto'),
    sampler_seed=dict(type='DistSamplerSeedHook'),
    visualization=dict(type='SegVisualizationHook'))
launcher = 'none'
work_dir = './work_dirs/pspnet_r50-d8_4xb4-80k_ade20k-512x512'

2023/06/14 19:48:40 - mmengine - INFO - Distributed training is not used, all SyncBatchNorm (SyncBN) layers in the model will be automatically reverted to BatchNormXd layers if they are used.
2023/06/14 19:48:40 - mmengine - INFO - Hooks will be executed in the following order:
before_run:
(VERY_HIGH   ) RuntimeInfoHook                    
(BELOW_NORMAL) LoggerHook                         
 -------------------- 
before_train:
(VERY_HIGH   ) RuntimeInfoHook                    
(NORMAL      ) IterTimerHook                      
(VERY_LOW    ) CheckpointHook                     
 -------------------- 
before_train_epoch:
(VERY_HIGH   ) RuntimeInfoHook                    
(NORMAL      ) IterTimerHook                      
(NORMAL      ) DistSamplerSeedHook                
 -------------------- 
before_train_iter:
(VERY_HIGH   ) RuntimeInfoHook                    
(NORMAL      ) IterTimerHook                      
 -------------------- 
after_train_iter:
(VERY_HIGH   ) RuntimeInfoHook                    
(NORMAL      ) IterTimerHook                      
(NORMAL      ) SegVisualizationHook               
(BELOW_NORMAL) LoggerHook                         
(LOW         ) ParamSchedulerHook                 
(VERY_LOW    ) CheckpointHook                     
 -------------------- 
after_train_epoch:
(NORMAL      ) IterTimerHook                      
(LOW         ) ParamSchedulerHook                 
(VERY_LOW    ) CheckpointHook                     
 -------------------- 
before_val_epoch:
(NORMAL      ) IterTimerHook                      
 -------------------- 
before_val_iter:
(NORMAL      ) IterTimerHook                      
 -------------------- 
after_val_iter:
(NORMAL      ) IterTimerHook                      
(NORMAL      ) SegVisualizationHook               
(BELOW_NORMAL) LoggerHook                         
 -------------------- 
after_val_epoch:
(VERY_HIGH   ) RuntimeInfoHook                    
(NORMAL      ) IterTimerHook                      
(BELOW_NORMAL) LoggerHook                         
(LOW         ) ParamSchedulerHook                 
(VERY_LOW    ) CheckpointHook                     
 -------------------- 
before_test_epoch:
(NORMAL      ) IterTimerHook                      
 -------------------- 
before_test_iter:
(NORMAL      ) IterTimerHook                      
 -------------------- 
after_test_iter:
(NORMAL      ) IterTimerHook                      
(NORMAL      ) SegVisualizationHook               
(BELOW_NORMAL) LoggerHook                         
 -------------------- 
after_test_epoch:
(VERY_HIGH   ) RuntimeInfoHook                    
(NORMAL      ) IterTimerHook                      
(BELOW_NORMAL) LoggerHook                         
 -------------------- 
after_run:
(BELOW_NORMAL) LoggerHook                         
 -------------------- 
2023/06/14 19:48:41 - mmengine - WARNING - The "loop" registry in mmseg did not set import location. Fallback to call `mmseg.utils.register_all_modules` instead.
2023/06/14 19:48:41 - mmengine - WARNING - Failed to import mmseg.datasets.samplers, please check the location of the registry data sampler is correct.
2023/06/14 19:48:41 - mmengine - WARNING - Failed to import mmseg.engine.schedulers, please check the location of the registry parameter scheduler is correct.
2023/06/14 19:48:41 - mmengine - WARNING - The prefix is not set in metric class IoUMetric.
2023/06/14 19:48:42 - mmengine - INFO - load model from: open-mmlab://resnet50_v1c
2023/06/14 19:48:42 - mmengine - INFO - Loads checkpoint by openmmlab backend from path: open-mmlab://resnet50_v1c
2023/06/14 19:48:42 - mmengine - WARNING - The model and loaded state dict do not match exactly

unexpected key in source state_dict: fc.weight, fc.bias

Name of parameter - Initialization information

backbone.stem.0.weight - torch.Size([32, 3, 3, 3]): 
PretrainedInit: load from open-mmlab://resnet50_v1c 

backbone.stem.1.weight - torch.Size([32]): 
PretrainedInit: load from open-mmlab://resnet50_v1c 

backbone.stem.1.bias - torch.Size([32]): 
PretrainedInit: load from open-mmlab://resnet50_v1c 

backbone.stem.3.weight - torch.Size([32, 32, 3, 3]): 
PretrainedInit: load from open-mmlab://resnet50_v1c 

backbone.stem.4.weight - torch.Size([32]): 
PretrainedInit: load from open-mmlab://resnet50_v1c 

backbone.stem.4.bias - torch.Size([32]): 
PretrainedInit: load from open-mmlab://resnet50_v1c 

backbone.stem.6.weight - torch.Size([64, 32, 3, 3]): 
PretrainedInit: load from open-mmlab://resnet50_v1c 

backbone.stem.7.weight - torch.Size([64]): 
PretrainedInit: load from open-mmlab://resnet50_v1c 

backbone.stem.7.bias - torch.Size([64]): 
PretrainedInit: load from open-mmlab://resnet50_v1c 

backbone.layer1.0.conv1.weight - torch.Size([64, 64, 1, 1]): 
PretrainedInit: load from open-mmlab://resnet50_v1c 

backbone.layer1.0.bn1.weight - torch.Size([64]): 
PretrainedInit: load from open-mmlab://resnet50_v1c 

backbone.layer1.0.bn1.bias - torch.Size([64]): 
PretrainedInit: load from open-mmlab://resnet50_v1c 

backbone.layer1.0.conv2.weight - torch.Size([64, 64, 3, 3]): 
PretrainedInit: load from open-mmlab://resnet50_v1c 

backbone.layer1.0.bn2.weight - torch.Size([64]): 
PretrainedInit: load from open-mmlab://resnet50_v1c 

backbone.layer1.0.bn2.bias - torch.Size([64]): 
PretrainedInit: load from open-mmlab://resnet50_v1c 

backbone.layer1.0.conv3.weight - torch.Size([256, 64, 1, 1]): 
PretrainedInit: load from open-mmlab://resnet50_v1c 

backbone.layer1.0.bn3.weight - torch.Size([256]): 
PretrainedInit: load from open-mmlab://resnet50_v1c 

backbone.layer1.0.bn3.bias - torch.Size([256]): 
PretrainedInit: load from open-mmlab://resnet50_v1c 

backbone.layer1.0.downsample.0.weight - torch.Size([256, 64, 1, 1]): 
PretrainedInit: load from open-mmlab://resnet50_v1c 

backbone.layer1.0.downsample.1.weight - torch.Size([256]): 
PretrainedInit: load from open-mmlab://resnet50_v1c 

backbone.layer1.0.downsample.1.bias - torch.Size([256]): 
PretrainedInit: load from open-mmlab://resnet50_v1c 

backbone.layer1.1.conv1.weight - torch.Size([64, 256, 1, 1]): 
PretrainedInit: load from open-mmlab://resnet50_v1c 

backbone.layer1.1.bn1.weight - torch.Size([64]): 
PretrainedInit: load from open-mmlab://resnet50_v1c 

backbone.layer1.1.bn1.bias - torch.Size([64]): 
PretrainedInit: load from open-mmlab://resnet50_v1c 

backbone.layer1.1.conv2.weight - torch.Size([64, 64, 3, 3]): 
PretrainedInit: load from open-mmlab://resnet50_v1c 

backbone.layer1.1.bn2.weight - torch.Size([64]): 
PretrainedInit: load from open-mmlab://resnet50_v1c 

backbone.layer1.1.bn2.bias - torch.Size([64]): 
PretrainedInit: load from open-mmlab://resnet50_v1c 

backbone.layer1.1.conv3.weight - torch.Size([256, 64, 1, 1]): 
PretrainedInit: load from open-mmlab://resnet50_v1c 

backbone.layer1.1.bn3.weight - torch.Size([256]): 
PretrainedInit: load from open-mmlab://resnet50_v1c 

backbone.layer1.1.bn3.bias - torch.Size([256]): 
PretrainedInit: load from open-mmlab://resnet50_v1c 

backbone.layer1.2.conv1.weight - torch.Size([64, 256, 1, 1]): 
PretrainedInit: load from open-mmlab://resnet50_v1c 

backbone.layer1.2.bn1.weight - torch.Size([64]): 
PretrainedInit: load from open-mmlab://resnet50_v1c 

backbone.layer1.2.bn1.bias - torch.Size([64]): 
PretrainedInit: load from open-mmlab://resnet50_v1c 

backbone.layer1.2.conv2.weight - torch.Size([64, 64, 3, 3]): 
PretrainedInit: load from open-mmlab://resnet50_v1c 

backbone.layer1.2.bn2.weight - torch.Size([64]): 
PretrainedInit: load from open-mmlab://resnet50_v1c 

backbone.layer1.2.bn2.bias - torch.Size([64]): 
PretrainedInit: load from open-mmlab://resnet50_v1c 

backbone.layer1.2.conv3.weight - torch.Size([256, 64, 1, 1]): 
PretrainedInit: load from open-mmlab://resnet50_v1c 

backbone.layer1.2.bn3.weight - torch.Size([256]): 
PretrainedInit: load from open-mmlab://resnet50_v1c 

backbone.layer1.2.bn3.bias - torch.Size([256]): 
PretrainedInit: load from open-mmlab://resnet50_v1c 

backbone.layer2.0.conv1.weight - torch.Size([128, 256, 1, 1]): 
PretrainedInit: load from open-mmlab://resnet50_v1c 

backbone.layer2.0.bn1.weight - torch.Size([128]): 
PretrainedInit: load from open-mmlab://resnet50_v1c 

backbone.layer2.0.bn1.bias - torch.Size([128]): 
PretrainedInit: load from open-mmlab://resnet50_v1c 

backbone.layer2.0.conv2.weight - torch.Size([128, 128, 3, 3]): 
PretrainedInit: load from open-mmlab://resnet50_v1c 

backbone.layer2.0.bn2.weight - torch.Size([128]): 
PretrainedInit: load from open-mmlab://resnet50_v1c 

backbone.layer2.0.bn2.bias - torch.Size([128]): 
PretrainedInit: load from open-mmlab://resnet50_v1c 

backbone.layer2.0.conv3.weight - torch.Size([512, 128, 1, 1]): 
PretrainedInit: load from open-mmlab://resnet50_v1c 

backbone.layer2.0.bn3.weight - torch.Size([512]): 
PretrainedInit: load from open-mmlab://resnet50_v1c 

backbone.layer2.0.bn3.bias - torch.Size([512]): 
PretrainedInit: load from open-mmlab://resnet50_v1c 

backbone.layer2.0.downsample.0.weight - torch.Size([512, 256, 1, 1]): 
PretrainedInit: load from open-mmlab://resnet50_v1c 

backbone.layer2.0.downsample.1.weight - torch.Size([512]): 
PretrainedInit: load from open-mmlab://resnet50_v1c 

backbone.layer2.0.downsample.1.bias - torch.Size([512]): 
PretrainedInit: load from open-mmlab://resnet50_v1c 

backbone.layer2.1.conv1.weight - torch.Size([128, 512, 1, 1]): 
PretrainedInit: load from open-mmlab://resnet50_v1c 

backbone.layer2.1.bn1.weight - torch.Size([128]): 
PretrainedInit: load from open-mmlab://resnet50_v1c 

backbone.layer2.1.bn1.bias - torch.Size([128]): 
PretrainedInit: load from open-mmlab://resnet50_v1c 

backbone.layer2.1.conv2.weight - torch.Size([128, 128, 3, 3]): 
PretrainedInit: load from open-mmlab://resnet50_v1c 

backbone.layer2.1.bn2.weight - torch.Size([128]): 
PretrainedInit: load from open-mmlab://resnet50_v1c 

backbone.layer2.1.bn2.bias - torch.Size([128]): 
PretrainedInit: load from open-mmlab://resnet50_v1c 

backbone.layer2.1.conv3.weight - torch.Size([512, 128, 1, 1]): 
PretrainedInit: load from open-mmlab://resnet50_v1c 

backbone.layer2.1.bn3.weight - torch.Size([512]): 
PretrainedInit: load from open-mmlab://resnet50_v1c 

backbone.layer2.1.bn3.bias - torch.Size([512]): 
PretrainedInit: load from open-mmlab://resnet50_v1c 

backbone.layer2.2.conv1.weight - torch.Size([128, 512, 1, 1]): 
PretrainedInit: load from open-mmlab://resnet50_v1c 

backbone.layer2.2.bn1.weight - torch.Size([128]): 
PretrainedInit: load from open-mmlab://resnet50_v1c 

backbone.layer2.2.bn1.bias - torch.Size([128]): 
PretrainedInit: load from open-mmlab://resnet50_v1c 

backbone.layer2.2.conv2.weight - torch.Size([128, 128, 3, 3]): 
PretrainedInit: load from open-mmlab://resnet50_v1c 

backbone.layer2.2.bn2.weight - torch.Size([128]): 
PretrainedInit: load from open-mmlab://resnet50_v1c 

backbone.layer2.2.bn2.bias - torch.Size([128]): 
PretrainedInit: load from open-mmlab://resnet50_v1c 

backbone.layer2.2.conv3.weight - torch.Size([512, 128, 1, 1]): 
PretrainedInit: load from open-mmlab://resnet50_v1c 

backbone.layer2.2.bn3.weight - torch.Size([512]): 
PretrainedInit: load from open-mmlab://resnet50_v1c 

backbone.layer2.2.bn3.bias - torch.Size([512]): 
PretrainedInit: load from open-mmlab://resnet50_v1c 

backbone.layer2.3.conv1.weight - torch.Size([128, 512, 1, 1]): 
PretrainedInit: load from open-mmlab://resnet50_v1c 

backbone.layer2.3.bn1.weight - torch.Size([128]): 
PretrainedInit: load from open-mmlab://resnet50_v1c 

backbone.layer2.3.bn1.bias - torch.Size([128]): 
PretrainedInit: load from open-mmlab://resnet50_v1c 

backbone.layer2.3.conv2.weight - torch.Size([128, 128, 3, 3]): 
PretrainedInit: load from open-mmlab://resnet50_v1c 

backbone.layer2.3.bn2.weight - torch.Size([128]): 
PretrainedInit: load from open-mmlab://resnet50_v1c 

backbone.layer2.3.bn2.bias - torch.Size([128]): 
PretrainedInit: load from open-mmlab://resnet50_v1c 

backbone.layer2.3.conv3.weight - torch.Size([512, 128, 1, 1]): 
PretrainedInit: load from open-mmlab://resnet50_v1c 

backbone.layer2.3.bn3.weight - torch.Size([512]): 
PretrainedInit: load from open-mmlab://resnet50_v1c 

backbone.layer2.3.bn3.bias - torch.Size([512]): 
PretrainedInit: load from open-mmlab://resnet50_v1c 

backbone.layer3.0.conv1.weight - torch.Size([256, 512, 1, 1]): 
PretrainedInit: load from open-mmlab://resnet50_v1c 

backbone.layer3.0.bn1.weight - torch.Size([256]): 
PretrainedInit: load from open-mmlab://resnet50_v1c 

backbone.layer3.0.bn1.bias - torch.Size([256]): 
PretrainedInit: load from open-mmlab://resnet50_v1c 

backbone.layer3.0.conv2.weight - torch.Size([256, 256, 3, 3]): 
PretrainedInit: load from open-mmlab://resnet50_v1c 

backbone.layer3.0.bn2.weight - torch.Size([256]): 
PretrainedInit: load from open-mmlab://resnet50_v1c 

backbone.layer3.0.bn2.bias - torch.Size([256]): 
PretrainedInit: load from open-mmlab://resnet50_v1c 

backbone.layer3.0.conv3.weight - torch.Size([1024, 256, 1, 1]): 
PretrainedInit: load from open-mmlab://resnet50_v1c 

backbone.layer3.0.bn3.weight - torch.Size([1024]): 
PretrainedInit: load from open-mmlab://resnet50_v1c 

backbone.layer3.0.bn3.bias - torch.Size([1024]): 
PretrainedInit: load from open-mmlab://resnet50_v1c 

backbone.layer3.0.downsample.0.weight - torch.Size([1024, 512, 1, 1]): 
PretrainedInit: load from open-mmlab://resnet50_v1c 

backbone.layer3.0.downsample.1.weight - torch.Size([1024]): 
PretrainedInit: load from open-mmlab://resnet50_v1c 

backbone.layer3.0.downsample.1.bias - torch.Size([1024]): 
PretrainedInit: load from open-mmlab://resnet50_v1c 

backbone.layer3.1.conv1.weight - torch.Size([256, 1024, 1, 1]): 
PretrainedInit: load from open-mmlab://resnet50_v1c 

backbone.layer3.1.bn1.weight - torch.Size([256]): 
PretrainedInit: load from open-mmlab://resnet50_v1c 

backbone.layer3.1.bn1.bias - torch.Size([256]): 
PretrainedInit: load from open-mmlab://resnet50_v1c 

backbone.layer3.1.conv2.weight - torch.Size([256, 256, 3, 3]): 
PretrainedInit: load from open-mmlab://resnet50_v1c 

backbone.layer3.1.bn2.weight - torch.Size([256]): 
PretrainedInit: load from open-mmlab://resnet50_v1c 

backbone.layer3.1.bn2.bias - torch.Size([256]): 
PretrainedInit: load from open-mmlab://resnet50_v1c 

backbone.layer3.1.conv3.weight - torch.Size([1024, 256, 1, 1]): 
PretrainedInit: load from open-mmlab://resnet50_v1c 

backbone.layer3.1.bn3.weight - torch.Size([1024]): 
PretrainedInit: load from open-mmlab://resnet50_v1c 

backbone.layer3.1.bn3.bias - torch.Size([1024]): 
PretrainedInit: load from open-mmlab://resnet50_v1c 

backbone.layer3.2.conv1.weight - torch.Size([256, 1024, 1, 1]): 
PretrainedInit: load from open-mmlab://resnet50_v1c 

backbone.layer3.2.bn1.weight - torch.Size([256]): 
PretrainedInit: load from open-mmlab://resnet50_v1c 

backbone.layer3.2.bn1.bias - torch.Size([256]): 
PretrainedInit: load from open-mmlab://resnet50_v1c 

backbone.layer3.2.conv2.weight - torch.Size([256, 256, 3, 3]): 
PretrainedInit: load from open-mmlab://resnet50_v1c 

backbone.layer3.2.bn2.weight - torch.Size([256]): 
PretrainedInit: load from open-mmlab://resnet50_v1c 

backbone.layer3.2.bn2.bias - torch.Size([256]): 
PretrainedInit: load from open-mmlab://resnet50_v1c 

backbone.layer3.2.conv3.weight - torch.Size([1024, 256, 1, 1]): 
PretrainedInit: load from open-mmlab://resnet50_v1c 

backbone.layer3.2.bn3.weight - torch.Size([1024]): 
PretrainedInit: load from open-mmlab://resnet50_v1c 

backbone.layer3.2.bn3.bias - torch.Size([1024]): 
PretrainedInit: load from open-mmlab://resnet50_v1c 

backbone.layer3.3.conv1.weight - torch.Size([256, 1024, 1, 1]): 
PretrainedInit: load from open-mmlab://resnet50_v1c 

backbone.layer3.3.bn1.weight - torch.Size([256]): 
PretrainedInit: load from open-mmlab://resnet50_v1c 

backbone.layer3.3.bn1.bias - torch.Size([256]): 
PretrainedInit: load from open-mmlab://resnet50_v1c 

backbone.layer3.3.conv2.weight - torch.Size([256, 256, 3, 3]): 
PretrainedInit: load from open-mmlab://resnet50_v1c 

backbone.layer3.3.bn2.weight - torch.Size([256]): 
PretrainedInit: load from open-mmlab://resnet50_v1c 

backbone.layer3.3.bn2.bias - torch.Size([256]): 
PretrainedInit: load from open-mmlab://resnet50_v1c 

backbone.layer3.3.conv3.weight - torch.Size([1024, 256, 1, 1]): 
PretrainedInit: load from open-mmlab://resnet50_v1c 

backbone.layer3.3.bn3.weight - torch.Size([1024]): 
PretrainedInit: load from open-mmlab://resnet50_v1c 

backbone.layer3.3.bn3.bias - torch.Size([1024]): 
PretrainedInit: load from open-mmlab://resnet50_v1c 

backbone.layer3.4.conv1.weight - torch.Size([256, 1024, 1, 1]): 
PretrainedInit: load from open-mmlab://resnet50_v1c 

backbone.layer3.4.bn1.weight - torch.Size([256]): 
PretrainedInit: load from open-mmlab://resnet50_v1c 

backbone.layer3.4.bn1.bias - torch.Size([256]): 
PretrainedInit: load from open-mmlab://resnet50_v1c 

backbone.layer3.4.conv2.weight - torch.Size([256, 256, 3, 3]): 
PretrainedInit: load from open-mmlab://resnet50_v1c 

backbone.layer3.4.bn2.weight - torch.Size([256]): 
PretrainedInit: load from open-mmlab://resnet50_v1c 

backbone.layer3.4.bn2.bias - torch.Size([256]): 
PretrainedInit: load from open-mmlab://resnet50_v1c 

backbone.layer3.4.conv3.weight - torch.Size([1024, 256, 1, 1]): 
PretrainedInit: load from open-mmlab://resnet50_v1c 

backbone.layer3.4.bn3.weight - torch.Size([1024]): 
PretrainedInit: load from open-mmlab://resnet50_v1c 

backbone.layer3.4.bn3.bias - torch.Size([1024]): 
PretrainedInit: load from open-mmlab://resnet50_v1c 

backbone.layer3.5.conv1.weight - torch.Size([256, 1024, 1, 1]): 
PretrainedInit: load from open-mmlab://resnet50_v1c 

backbone.layer3.5.bn1.weight - torch.Size([256]): 
PretrainedInit: load from open-mmlab://resnet50_v1c 

backbone.layer3.5.bn1.bias - torch.Size([256]): 
PretrainedInit: load from open-mmlab://resnet50_v1c 

backbone.layer3.5.conv2.weight - torch.Size([256, 256, 3, 3]): 
PretrainedInit: load from open-mmlab://resnet50_v1c 

backbone.layer3.5.bn2.weight - torch.Size([256]): 
PretrainedInit: load from open-mmlab://resnet50_v1c 

backbone.layer3.5.bn2.bias - torch.Size([256]): 
PretrainedInit: load from open-mmlab://resnet50_v1c 

backbone.layer3.5.conv3.weight - torch.Size([1024, 256, 1, 1]): 
PretrainedInit: load from open-mmlab://resnet50_v1c 

backbone.layer3.5.bn3.weight - torch.Size([1024]): 
PretrainedInit: load from open-mmlab://resnet50_v1c 

backbone.layer3.5.bn3.bias - torch.Size([1024]): 
PretrainedInit: load from open-mmlab://resnet50_v1c 

backbone.layer4.0.conv1.weight - torch.Size([512, 1024, 1, 1]): 
PretrainedInit: load from open-mmlab://resnet50_v1c 

backbone.layer4.0.bn1.weight - torch.Size([512]): 
PretrainedInit: load from open-mmlab://resnet50_v1c 

backbone.layer4.0.bn1.bias - torch.Size([512]): 
PretrainedInit: load from open-mmlab://resnet50_v1c 

backbone.layer4.0.conv2.weight - torch.Size([512, 512, 3, 3]): 
PretrainedInit: load from open-mmlab://resnet50_v1c 

backbone.layer4.0.bn2.weight - torch.Size([512]): 
PretrainedInit: load from open-mmlab://resnet50_v1c 

backbone.layer4.0.bn2.bias - torch.Size([512]): 
PretrainedInit: load from open-mmlab://resnet50_v1c 

backbone.layer4.0.conv3.weight - torch.Size([2048, 512, 1, 1]): 
PretrainedInit: load from open-mmlab://resnet50_v1c 

backbone.layer4.0.bn3.weight - torch.Size([2048]): 
PretrainedInit: load from open-mmlab://resnet50_v1c 

backbone.layer4.0.bn3.bias - torch.Size([2048]): 
PretrainedInit: load from open-mmlab://resnet50_v1c 

backbone.layer4.0.downsample.0.weight - torch.Size([2048, 1024, 1, 1]): 
PretrainedInit: load from open-mmlab://resnet50_v1c 

backbone.layer4.0.downsample.1.weight - torch.Size([2048]): 
PretrainedInit: load from open-mmlab://resnet50_v1c 

backbone.layer4.0.downsample.1.bias - torch.Size([2048]): 
PretrainedInit: load from open-mmlab://resnet50_v1c 

backbone.layer4.1.conv1.weight - torch.Size([512, 2048, 1, 1]): 
PretrainedInit: load from open-mmlab://resnet50_v1c 

backbone.layer4.1.bn1.weight - torch.Size([512]): 
PretrainedInit: load from open-mmlab://resnet50_v1c 

backbone.layer4.1.bn1.bias - torch.Size([512]): 
PretrainedInit: load from open-mmlab://resnet50_v1c 

backbone.layer4.1.conv2.weight - torch.Size([512, 512, 3, 3]): 
PretrainedInit: load from open-mmlab://resnet50_v1c 

backbone.layer4.1.bn2.weight - torch.Size([512]): 
PretrainedInit: load from open-mmlab://resnet50_v1c 

backbone.layer4.1.bn2.bias - torch.Size([512]): 
PretrainedInit: load from open-mmlab://resnet50_v1c 

backbone.layer4.1.conv3.weight - torch.Size([2048, 512, 1, 1]): 
PretrainedInit: load from open-mmlab://resnet50_v1c 

backbone.layer4.1.bn3.weight - torch.Size([2048]): 
PretrainedInit: load from open-mmlab://resnet50_v1c 

backbone.layer4.1.bn3.bias - torch.Size([2048]): 
PretrainedInit: load from open-mmlab://resnet50_v1c 

backbone.layer4.2.conv1.weight - torch.Size([512, 2048, 1, 1]): 
PretrainedInit: load from open-mmlab://resnet50_v1c 

backbone.layer4.2.bn1.weight - torch.Size([512]): 
PretrainedInit: load from open-mmlab://resnet50_v1c 

backbone.layer4.2.bn1.bias - torch.Size([512]): 
PretrainedInit: load from open-mmlab://resnet50_v1c 

backbone.layer4.2.conv2.weight - torch.Size([512, 512, 3, 3]): 
PretrainedInit: load from open-mmlab://resnet50_v1c 

backbone.layer4.2.bn2.weight - torch.Size([512]): 
PretrainedInit: load from open-mmlab://resnet50_v1c 

backbone.layer4.2.bn2.bias - torch.Size([512]): 
PretrainedInit: load from open-mmlab://resnet50_v1c 

backbone.layer4.2.conv3.weight - torch.Size([2048, 512, 1, 1]): 
PretrainedInit: load from open-mmlab://resnet50_v1c 

backbone.layer4.2.bn3.weight - torch.Size([2048]): 
PretrainedInit: load from open-mmlab://resnet50_v1c 

backbone.layer4.2.bn3.bias - torch.Size([2048]): 
PretrainedInit: load from open-mmlab://resnet50_v1c 

decode_head.conv_seg.weight - torch.Size([5, 512, 1, 1]): 
NormalInit: mean=0, std=0.01, bias=0 

decode_head.conv_seg.bias - torch.Size([5]): 
NormalInit: mean=0, std=0.01, bias=0 

decode_head.psp_modules.0.1.conv.weight - torch.Size([512, 2048, 1, 1]): 
The value is the same before and after calling `init_weights` of EncoderDecoder  

decode_head.psp_modules.0.1.bn.weight - torch.Size([512]): 
The value is the same before and after calling `init_weights` of EncoderDecoder  

decode_head.psp_modules.0.1.bn.bias - torch.Size([512]): 
The value is the same before and after calling `init_weights` of EncoderDecoder  

decode_head.psp_modules.1.1.conv.weight - torch.Size([512, 2048, 1, 1]): 
The value is the same before and after calling `init_weights` of EncoderDecoder  

decode_head.psp_modules.1.1.bn.weight - torch.Size([512]): 
The value is the same before and after calling `init_weights` of EncoderDecoder  

decode_head.psp_modules.1.1.bn.bias - torch.Size([512]): 
The value is the same before and after calling `init_weights` of EncoderDecoder  

decode_head.psp_modules.2.1.conv.weight - torch.Size([512, 2048, 1, 1]): 
The value is the same before and after calling `init_weights` of EncoderDecoder  

decode_head.psp_modules.2.1.bn.weight - torch.Size([512]): 
The value is the same before and after calling `init_weights` of EncoderDecoder  

decode_head.psp_modules.2.1.bn.bias - torch.Size([512]): 
The value is the same before and after calling `init_weights` of EncoderDecoder  

decode_head.psp_modules.3.1.conv.weight - torch.Size([512, 2048, 1, 1]): 
The value is the same before and after calling `init_weights` of EncoderDecoder  

decode_head.psp_modules.3.1.bn.weight - torch.Size([512]): 
The value is the same before and after calling `init_weights` of EncoderDecoder  

decode_head.psp_modules.3.1.bn.bias - torch.Size([512]): 
The value is the same before and after calling `init_weights` of EncoderDecoder  

decode_head.bottleneck.conv.weight - torch.Size([512, 4096, 3, 3]): 
Initialized by user-defined `init_weights` in ConvModule  

decode_head.bottleneck.bn.weight - torch.Size([512]): 
The value is the same before and after calling `init_weights` of EncoderDecoder  

decode_head.bottleneck.bn.bias - torch.Size([512]): 
The value is the same before and after calling `init_weights` of EncoderDecoder  

auxiliary_head.conv_seg.weight - torch.Size([5, 256, 1, 1]): 
NormalInit: mean=0, std=0.01, bias=0 

auxiliary_head.conv_seg.bias - torch.Size([5]): 
NormalInit: mean=0, std=0.01, bias=0 

auxiliary_head.convs.0.conv.weight - torch.Size([256, 1024, 3, 3]): 
The value is the same before and after calling `init_weights` of EncoderDecoder  

auxiliary_head.convs.0.bn.weight - torch.Size([256]): 
The value is the same before and after calling `init_weights` of EncoderDecoder  

auxiliary_head.convs.0.bn.bias - torch.Size([256]): 
The value is the same before and after calling `init_weights` of EncoderDecoder  
2023/06/14 19:48:42 - mmengine - WARNING - "FileClient" will be deprecated in future. Please use io functions in https://mmengine.readthedocs.io/en/latest/api/fileio.html#file-io
2023/06/14 19:48:42 - mmengine - WARNING - "HardDiskBackend" is the alias of "LocalBackend" and the former will be deprecated in future.
2023/06/14 19:48:42 - mmengine - INFO - Checkpoints will be saved to /root/autodl-tmp/mmsegmentation/work_dirs/pspnet_r50-d8_4xb4-80k_ade20k-512x512.
2023/06/14 19:48:49 - mmengine - INFO - Exp name: pspnet_r50-d8_4xb4-80k_ade20k-512x512_20230614_194834
2023/06/14 19:49:00 - mmengine - INFO - Iter(train) [   50/10000]  lr: 9.9563e-03  eta: 0:59:44  time: 0.2941  data_time: 0.0049  memory: 19896  loss: 0.2748  decode.loss_ce: 0.1780  decode.acc_seg: 90.9556  aux.loss_ce: 0.0968  aux.acc_seg: 78.5771
2023/06/14 19:49:15 - mmengine - INFO - Iter(train) [  100/10000]  lr: 9.9117e-03  eta: 0:54:05  time: 0.2963  data_time: 0.0054  memory: 6113  loss: 0.2138  decode.loss_ce: 0.1428  decode.acc_seg: 95.3253  aux.loss_ce: 0.0710  aux.acc_seg: 90.9545
2023/06/14 19:49:30 - mmengine - INFO - Iter(train) [  150/10000]  lr: 9.8671e-03  eta: 0:52:07  time: 0.2964  data_time: 0.0052  memory: 6111  loss: 0.1614  decode.loss_ce: 0.1061  decode.acc_seg: 92.9351  aux.loss_ce: 0.0553  aux.acc_seg: 93.2582
2023/06/14 19:49:44 - mmengine - INFO - Iter(train) [  200/10000]  lr: 9.8225e-03  eta: 0:50:57  time: 0.2955  data_time: 0.0050  memory: 6111  loss: 0.1403  decode.loss_ce: 0.0907  decode.acc_seg: 97.1791  aux.loss_ce: 0.0496  aux.acc_seg: 96.6963
2023/06/14 19:49:59 - mmengine - INFO - Iter(train) [  250/10000]  lr: 9.7778e-03  eta: 0:50:10  time: 0.2959  data_time: 0.0051  memory: 6111  loss: 0.1109  decode.loss_ce: 0.0734  decode.acc_seg: 96.5659  aux.loss_ce: 0.0375  aux.acc_seg: 96.1594
2023/06/14 19:50:14 - mmengine - INFO - Iter(train) [  300/10000]  lr: 9.7332e-03  eta: 0:49:36  time: 0.2968  data_time: 0.0053  memory: 6113  loss: 0.0875  decode.loss_ce: 0.0588  decode.acc_seg: 95.4503  aux.loss_ce: 0.0287  aux.acc_seg: 95.8435
2023/06/14 19:50:29 - mmengine - INFO - Iter(train) [  350/10000]  lr: 9.6885e-03  eta: 0:49:08  time: 0.2976  data_time: 0.0050  memory: 6111  loss: 0.0840  decode.loss_ce: 0.0554  decode.acc_seg: 96.2876  aux.loss_ce: 0.0286  aux.acc_seg: 95.8138
2023/06/14 19:50:44 - mmengine - INFO - Iter(train) [  400/10000]  lr: 9.6437e-03  eta: 0:48:43  time: 0.2980  data_time: 0.0052  memory: 6111  loss: 0.0808  decode.loss_ce: 0.0527  decode.acc_seg: 93.9424  aux.loss_ce: 0.0281  aux.acc_seg: 92.3697
2023/06/14 19:50:59 - mmengine - INFO - Iter(train) [  450/10000]  lr: 9.5990e-03  eta: 0:48:22  time: 0.2982  data_time: 0.0052  memory: 6111  loss: 0.0787  decode.loss_ce: 0.0507  decode.acc_seg: 97.6973  aux.loss_ce: 0.0280  aux.acc_seg: 97.5469
2023/06/14 19:51:14 - mmengine - INFO - Iter(train) [  500/10000]  lr: 9.5542e-03  eta: 0:48:02  time: 0.2988  data_time: 0.0051  memory: 6111  loss: 0.0635  decode.loss_ce: 0.0429  decode.acc_seg: 96.6336  aux.loss_ce: 0.0206  aux.acc_seg: 96.2113
2023/06/14 19:51:14 - mmengine - INFO - Saving checkpoint at 500 iterations
2023/06/14 19:51:20 - mmengine - INFO - per class results:
2023/06/14 19:51:20 - mmengine - INFO - 
+------------+-------+-------+
|   Class    |  IoU  |  Acc  |
+------------+-------+-------+
|    red     | 95.47 | 98.47 |
|   green    | 95.41 | 98.29 |
|   white    | 85.51 | 90.34 |
| seed-black | 55.72 |  66.4 |
| seed-white | 11.21 | 11.39 |
+------------+-------+-------+
2023/06/14 19:51:20 - mmengine - INFO - Iter(val) [11/11]  aAcc: 96.2400  mIoU: 68.6600  mAcc: 72.9800data_time: 0.0013  time: 0.3633  
2023/06/14 19:51:22 - mmengine - INFO - The best checkpoint with 96.2400 aAcc at 500 iter is saved to best_aAcc_iter_500.pth.
2023/06/14 19:51:37 - mmengine - INFO - Iter(train) [  550/10000]  lr: 9.5094e-03  eta: 0:48:07  time: 0.3000  data_time: 0.0053  memory: 9545  loss: 0.0553  decode.loss_ce: 0.0369  decode.acc_seg: 97.6255  aux.loss_ce: 0.0184  aux.acc_seg: 97.2834
2023/06/14 19:51:52 - mmengine - INFO - Iter(train) [  600/10000]  lr: 9.4646e-03  eta: 0:47:47  time: 0.2997  data_time: 0.0054  memory: 6112  loss: 0.0989  decode.loss_ce: 0.0663  decode.acc_seg: 93.6943  aux.loss_ce: 0.0326  aux.acc_seg: 93.0407
2023/06/14 19:52:07 - mmengine - INFO - Iter(train) [  650/10000]  lr: 9.4198e-03  eta: 0:47:28  time: 0.2999  data_time: 0.0056  memory: 6112  loss: 0.0647  decode.loss_ce: 0.0426  decode.acc_seg: 97.7823  aux.loss_ce: 0.0220  aux.acc_seg: 98.0139
2023/06/14 19:52:22 - mmengine - INFO - Iter(train) [  700/10000]  lr: 9.3749e-03  eta: 0:47:10  time: 0.3003  data_time: 0.0054  memory: 6111  loss: 0.0686  decode.loss_ce: 0.0456  decode.acc_seg: 96.5733  aux.loss_ce: 0.0230  aux.acc_seg: 96.8141
2023/06/14 19:52:37 - mmengine - INFO - Iter(train) [  750/10000]  lr: 9.3300e-03  eta: 0:46:52  time: 0.3004  data_time: 0.0057  memory: 6111  loss: 0.0536  decode.loss_ce: 0.0346  decode.acc_seg: 98.2451  aux.loss_ce: 0.0190  aux.acc_seg: 97.5172
2023/06/14 19:52:52 - mmengine - INFO - Iter(train) [  800/10000]  lr: 9.2851e-03  eta: 0:46:34  time: 0.3002  data_time: 0.0059  memory: 6112  loss: 0.0956  decode.loss_ce: 0.0652  decode.acc_seg: 97.7295  aux.loss_ce: 0.0304  aux.acc_seg: 97.3619
2023/06/14 19:53:07 - mmengine - INFO - Iter(train) [  850/10000]  lr: 9.2401e-03  eta: 0:46:17  time: 0.2994  data_time: 0.0050  memory: 6113  loss: 0.0859  decode.loss_ce: 0.0552  decode.acc_seg: 97.3513  aux.loss_ce: 0.0307  aux.acc_seg: 95.2495
2023/06/14 19:53:22 - mmengine - INFO - Iter(train) [  900/10000]  lr: 9.1952e-03  eta: 0:46:00  time: 0.2998  data_time: 0.0055  memory: 6111  loss: 0.0636  decode.loss_ce: 0.0413  decode.acc_seg: 96.6508  aux.loss_ce: 0.0224  aux.acc_seg: 95.6487
2023/06/14 19:53:37 - mmengine - INFO - Iter(train) [  950/10000]  lr: 9.1502e-03  eta: 0:45:43  time: 0.2998  data_time: 0.0052  memory: 6113  loss: 0.0559  decode.loss_ce: 0.0370  decode.acc_seg: 97.4078  aux.loss_ce: 0.0188  aux.acc_seg: 96.5086
2023/06/14 19:53:52 - mmengine - INFO - Exp name: pspnet_r50-d8_4xb4-80k_ade20k-512x512_20230614_194834
2023/06/14 19:53:52 - mmengine - INFO - Iter(train) [ 1000/10000]  lr: 9.1052e-03  eta: 0:45:27  time: 0.3000  data_time: 0.0055  memory: 6112  loss: 0.0803  decode.loss_ce: 0.0504  decode.acc_seg: 95.2125  aux.loss_ce: 0.0300  aux.acc_seg: 93.6260
2023/06/14 19:53:52 - mmengine - INFO - Saving checkpoint at 1000 iterations
2023/06/14 19:53:53 - mmengine - INFO - per class results:
2023/06/14 19:53:53 - mmengine - INFO - 
+------------+-------+-------+
|   Class    |  IoU  |  Acc  |
+------------+-------+-------+
|    red     | 95.19 | 98.96 |
|   green    | 96.44 | 97.58 |
|   white    | 84.03 | 88.52 |
| seed-black | 57.26 | 63.59 |
| seed-white | 26.79 |  28.0 |
+------------+-------+-------+
2023/06/14 19:53:53 - mmengine - INFO - Iter(val) [11/11]  aAcc: 96.1700  mIoU: 71.9400  mAcc: 75.3300data_time: 0.0011  time: 0.0275  
2023/06/14 19:54:08 - mmengine - INFO - Iter(train) [ 1050/10000]  lr: 9.0601e-03  eta: 0:45:10  time: 0.2999  data_time: 0.0054  memory: 6111  loss: 0.0509  decode.loss_ce: 0.0337  decode.acc_seg: 98.3272  aux.loss_ce: 0.0172  aux.acc_seg: 98.0015
2023/06/14 19:54:23 - mmengine - INFO - Iter(train) [ 1100/10000]  lr: 9.0151e-03  eta: 0:44:54  time: 0.3000  data_time: 0.0054  memory: 6111  loss: 0.0561  decode.loss_ce: 0.0365  decode.acc_seg: 98.4538  aux.loss_ce: 0.0196  aux.acc_seg: 98.1588
2023/06/14 19:54:38 - mmengine - INFO - Iter(train) [ 1150/10000]  lr: 8.9700e-03  eta: 0:44:37  time: 0.2998  data_time: 0.0049  memory: 6112  loss: 0.0462  decode.loss_ce: 0.0303  decode.acc_seg: 98.2661  aux.loss_ce: 0.0159  aux.acc_seg: 97.5029
2023/06/14 19:54:53 - mmengine - INFO - Iter(train) [ 1200/10000]  lr: 8.9249e-03  eta: 0:44:22  time: 0.2993  data_time: 0.0050  memory: 6112  loss: 0.0446  decode.loss_ce: 0.0295  decode.acc_seg: 98.4540  aux.loss_ce: 0.0151  aux.acc_seg: 97.9478
2023/06/14 19:55:08 - mmengine - INFO - Iter(train) [ 1250/10000]  lr: 8.8797e-03  eta: 0:44:05  time: 0.3000  data_time: 0.0056  memory: 6113  loss: 0.0492  decode.loss_ce: 0.0329  decode.acc_seg: 97.1594  aux.loss_ce: 0.0163  aux.acc_seg: 96.8629
2023/06/14 19:55:23 - mmengine - INFO - Iter(train) [ 1300/10000]  lr: 8.8346e-03  eta: 0:43:50  time: 0.3003  data_time: 0.0053  memory: 6112  loss: 0.0509  decode.loss_ce: 0.0335  decode.acc_seg: 98.0885  aux.loss_ce: 0.0175  aux.acc_seg: 97.7771
2023/06/14 19:55:38 - mmengine - INFO - Iter(train) [ 1350/10000]  lr: 8.7894e-03  eta: 0:43:34  time: 0.3012  data_time: 0.0054  memory: 6113  loss: 0.0533  decode.loss_ce: 0.0356  decode.acc_seg: 97.5948  aux.loss_ce: 0.0176  aux.acc_seg: 97.4409
2023/06/14 19:55:53 - mmengine - INFO - Iter(train) [ 1400/10000]  lr: 8.7442e-03  eta: 0:43:18  time: 0.2999  data_time: 0.0055  memory: 6111  loss: 0.0393  decode.loss_ce: 0.0262  decode.acc_seg: 98.6031  aux.loss_ce: 0.0131  aux.acc_seg: 98.3457
2023/06/14 19:56:08 - mmengine - INFO - Iter(train) [ 1450/10000]  lr: 8.6989e-03  eta: 0:43:03  time: 0.2997  data_time: 0.0050  memory: 6111  loss: 0.0449  decode.loss_ce: 0.0295  decode.acc_seg: 98.0454  aux.loss_ce: 0.0153  aux.acc_seg: 97.8838
2023/06/14 19:56:23 - mmengine - INFO - Iter(train) [ 1500/10000]  lr: 8.6536e-03  eta: 0:42:47  time: 0.3000  data_time: 0.0055  memory: 6112  loss: 0.0405  decode.loss_ce: 0.0273  decode.acc_seg: 98.2116  aux.loss_ce: 0.0132  aux.acc_seg: 98.2769
2023/06/14 19:56:23 - mmengine - INFO - Saving checkpoint at 1500 iterations
2023/06/14 19:56:25 - mmengine - INFO - per class results:
2023/06/14 19:56:25 - mmengine - INFO - 
+------------+-------+-------+
|   Class    |  IoU  |  Acc  |
+------------+-------+-------+
|    red     | 95.99 | 98.86 |
|   green    | 96.34 | 98.03 |
|   white    | 86.89 | 90.75 |
| seed-black | 64.51 | 75.04 |
| seed-white | 32.67 | 36.48 |
+------------+-------+-------+
2023/06/14 19:56:25 - mmengine - INFO - Iter(val) [11/11]  aAcc: 96.7500  mIoU: 75.2800  mAcc: 79.8300data_time: 0.0012  time: 0.0282  
2023/06/14 19:56:25 - mmengine - INFO - The previous best checkpoint /root/autodl-tmp/mmsegmentation/work_dirs/pspnet_r50-d8_4xb4-80k_ade20k-512x512/best_aAcc_iter_500.pth is removed
2023/06/14 19:56:26 - mmengine - INFO - The best checkpoint with 96.7500 aAcc at 1500 iter is saved to best_aAcc_iter_1500.pth.
2023/06/14 19:56:41 - mmengine - INFO - Iter(train) [ 1550/10000]  lr: 8.6083e-03  eta: 0:42:37  time: 0.2997  data_time: 0.0050  memory: 6112  loss: 0.0420  decode.loss_ce: 0.0281  decode.acc_seg: 98.3853  aux.loss_ce: 0.0138  aux.acc_seg: 97.9387
2023/06/14 19:56:56 - mmengine - INFO - Iter(train) [ 1600/10000]  lr: 8.5630e-03  eta: 0:42:21  time: 0.3015  data_time: 0.0059  memory: 6111  loss: 0.0413  decode.loss_ce: 0.0271  decode.acc_seg: 98.0677  aux.loss_ce: 0.0141  aux.acc_seg: 97.6577
2023/06/14 19:57:11 - mmengine - INFO - Iter(train) [ 1650/10000]  lr: 8.5177e-03  eta: 0:42:06  time: 0.2999  data_time: 0.0053  memory: 6111  loss: 0.0443  decode.loss_ce: 0.0294  decode.acc_seg: 98.4490  aux.loss_ce: 0.0149  aux.acc_seg: 97.9167
2023/06/14 19:57:26 - mmengine - INFO - Iter(train) [ 1700/10000]  lr: 8.4723e-03  eta: 0:41:50  time: 0.3012  data_time: 0.0063  memory: 6112  loss: 0.0614  decode.loss_ce: 0.0413  decode.acc_seg: 94.9821  aux.loss_ce: 0.0201  aux.acc_seg: 95.8042
2023/06/14 19:57:41 - mmengine - INFO - Iter(train) [ 1750/10000]  lr: 8.4269e-03  eta: 0:41:35  time: 0.3006  data_time: 0.0056  memory: 6111  loss: 0.0440  decode.loss_ce: 0.0295  decode.acc_seg: 98.7121  aux.loss_ce: 0.0145  aux.acc_seg: 98.5322
2023/06/14 19:57:56 - mmengine - INFO - Iter(train) [ 1800/10000]  lr: 8.3815e-03  eta: 0:41:19  time: 0.3004  data_time: 0.0057  memory: 6111  loss: 0.0534  decode.loss_ce: 0.0357  decode.acc_seg: 97.6246  aux.loss_ce: 0.0177  aux.acc_seg: 97.4522
2023/06/14 19:58:11 - mmengine - INFO - Iter(train) [ 1850/10000]  lr: 8.3360e-03  eta: 0:41:04  time: 0.2998  data_time: 0.0055  memory: 6112  loss: 0.0454  decode.loss_ce: 0.0299  decode.acc_seg: 98.6582  aux.loss_ce: 0.0154  aux.acc_seg: 98.3046
2023/06/14 19:58:26 - mmengine - INFO - Iter(train) [ 1900/10000]  lr: 8.2905e-03  eta: 0:40:48  time: 0.2993  data_time: 0.0049  memory: 6112  loss: 0.0476  decode.loss_ce: 0.0329  decode.acc_seg: 98.1385  aux.loss_ce: 0.0146  aux.acc_seg: 97.9955
2023/06/14 19:58:41 - mmengine - INFO - Iter(train) [ 1950/10000]  lr: 8.2450e-03  eta: 0:40:33  time: 0.2998  data_time: 0.0055  memory: 6112  loss: 0.0439  decode.loss_ce: 0.0295  decode.acc_seg: 98.4756  aux.loss_ce: 0.0143  aux.acc_seg: 98.3690
2023/06/14 19:58:56 - mmengine - INFO - Exp name: pspnet_r50-d8_4xb4-80k_ade20k-512x512_20230614_194834
2023/06/14 19:58:56 - mmengine - INFO - Iter(train) [ 2000/10000]  lr: 8.1994e-03  eta: 0:40:17  time: 0.2997  data_time: 0.0052  memory: 6111  loss: 0.0363  decode.loss_ce: 0.0247  decode.acc_seg: 98.2967  aux.loss_ce: 0.0116  aux.acc_seg: 98.1377
2023/06/14 19:58:56 - mmengine - INFO - Saving checkpoint at 2000 iterations
2023/06/14 19:58:58 - mmengine - INFO - per class results:
2023/06/14 19:58:58 - mmengine - INFO - 
+------------+-------+-------+
|   Class    |  IoU  |  Acc  |
+------------+-------+-------+
|    red     | 95.91 | 98.82 |
|   green    | 96.78 | 97.78 |
|   white    | 87.14 | 91.89 |
| seed-black | 60.79 | 66.55 |
| seed-white | 35.16 | 39.01 |
+------------+-------+-------+
2023/06/14 19:58:58 - mmengine - INFO - Iter(val) [11/11]  aAcc: 96.7700  mIoU: 75.1600  mAcc: 78.8100data_time: 0.0011  time: 0.0283  
2023/06/14 19:58:58 - mmengine - INFO - The previous best checkpoint /root/autodl-tmp/mmsegmentation/work_dirs/pspnet_r50-d8_4xb4-80k_ade20k-512x512/best_aAcc_iter_1500.pth is removed
2023/06/14 19:58:59 - mmengine - INFO - The best checkpoint with 96.7700 aAcc at 2000 iter is saved to best_aAcc_iter_2000.pth.
2023/06/14 19:59:14 - mmengine - INFO - Iter(train) [ 2050/10000]  lr: 8.1539e-03  eta: 0:40:05  time: 0.3008  data_time: 0.0057  memory: 6112  loss: 0.0430  decode.loss_ce: 0.0286  decode.acc_seg: 99.0162  aux.loss_ce: 0.0144  aux.acc_seg: 98.1841
2023/06/14 19:59:29 - mmengine - INFO - Iter(train) [ 2100/10000]  lr: 8.1083e-03  eta: 0:39:50  time: 0.3013  data_time: 0.0054  memory: 6112  loss: 0.0398  decode.loss_ce: 0.0263  decode.acc_seg: 98.5140  aux.loss_ce: 0.0135  aux.acc_seg: 98.2149
2023/06/14 19:59:44 - mmengine - INFO - Iter(train) [ 2150/10000]  lr: 8.0626e-03  eta: 0:39:34  time: 0.3000  data_time: 0.0053  memory: 6112  loss: 0.0446  decode.loss_ce: 0.0297  decode.acc_seg: 97.6220  aux.loss_ce: 0.0149  aux.acc_seg: 97.4702
2023/06/14 19:59:59 - mmengine - INFO - Iter(train) [ 2200/10000]  lr: 8.0170e-03  eta: 0:39:19  time: 0.2999  data_time: 0.0057  memory: 6111  loss: 0.0364  decode.loss_ce: 0.0243  decode.acc_seg: 98.4481  aux.loss_ce: 0.0121  aux.acc_seg: 98.1543
2023/06/14 20:00:14 - mmengine - INFO - Iter(train) [ 2250/10000]  lr: 7.9713e-03  eta: 0:39:03  time: 0.3022  data_time: 0.0069  memory: 6111  loss: 0.0412  decode.loss_ce: 0.0278  decode.acc_seg: 98.0039  aux.loss_ce: 0.0134  aux.acc_seg: 97.9252
2023/06/14 20:00:29 - mmengine - INFO - Iter(train) [ 2300/10000]  lr: 7.9256e-03  eta: 0:38:48  time: 0.2996  data_time: 0.0053  memory: 6113  loss: 0.0390  decode.loss_ce: 0.0262  decode.acc_seg: 98.5119  aux.loss_ce: 0.0128  aux.acc_seg: 98.1012
2023/06/14 20:00:44 - mmengine - INFO - Iter(train) [ 2350/10000]  lr: 7.8798e-03  eta: 0:38:32  time: 0.3000  data_time: 0.0056  memory: 6112  loss: 0.0377  decode.loss_ce: 0.0248  decode.acc_seg: 98.4660  aux.loss_ce: 0.0130  aux.acc_seg: 98.1916
2023/06/14 20:00:59 - mmengine - INFO - Iter(train) [ 2400/10000]  lr: 7.8340e-03  eta: 0:38:17  time: 0.2999  data_time: 0.0054  memory: 6111  loss: 0.0382  decode.loss_ce: 0.0255  decode.acc_seg: 98.3572  aux.loss_ce: 0.0127  aux.acc_seg: 98.0074
2023/06/14 20:01:14 - mmengine - INFO - Iter(train) [ 2450/10000]  lr: 7.7882e-03  eta: 0:38:01  time: 0.2996  data_time: 0.0052  memory: 6111  loss: 0.0349  decode.loss_ce: 0.0234  decode.acc_seg: 98.3272  aux.loss_ce: 0.0115  aux.acc_seg: 97.8359
2023/06/14 20:01:29 - mmengine - INFO - Iter(train) [ 2500/10000]  lr: 7.7424e-03  eta: 0:37:46  time: 0.3002  data_time: 0.0056  memory: 6112  loss: 0.0368  decode.loss_ce: 0.0248  decode.acc_seg: 98.3167  aux.loss_ce: 0.0121  aux.acc_seg: 98.2236
2023/06/14 20:01:29 - mmengine - INFO - Saving checkpoint at 2500 iterations
2023/06/14 20:01:31 - mmengine - INFO - per class results:
2023/06/14 20:01:31 - mmengine - INFO - 
+------------+-------+-------+
|   Class    |  IoU  |  Acc  |
+------------+-------+-------+
|    red     | 96.01 | 99.04 |
|   green    | 96.05 | 97.02 |
|   white    |  86.4 |  90.7 |
| seed-black | 65.47 | 74.79 |
| seed-white | 38.52 | 41.77 |
+------------+-------+-------+
2023/06/14 20:01:31 - mmengine - INFO - Iter(val) [11/11]  aAcc: 96.7200  mIoU: 76.4900  mAcc: 80.6600data_time: 0.0010  time: 0.0277  
2023/06/14 20:01:46 - mmengine - INFO - Iter(train) [ 2550/10000]  lr: 7.6965e-03  eta: 0:37:30  time: 0.2999  data_time: 0.0053  memory: 6112  loss: 0.0417  decode.loss_ce: 0.0278  decode.acc_seg: 98.1602  aux.loss_ce: 0.0139  aux.acc_seg: 97.8417
2023/06/14 20:02:01 - mmengine - INFO - Iter(train) [ 2600/10000]  lr: 7.6506e-03  eta: 0:37:15  time: 0.3004  data_time: 0.0057  memory: 6111  loss: 0.0336  decode.loss_ce: 0.0227  decode.acc_seg: 98.6022  aux.loss_ce: 0.0109  aux.acc_seg: 98.1324
2023/06/14 20:02:16 - mmengine - INFO - Iter(train) [ 2650/10000]  lr: 7.6047e-03  eta: 0:37:00  time: 0.2998  data_time: 0.0052  memory: 6112  loss: 0.0374  decode.loss_ce: 0.0248  decode.acc_seg: 96.6255  aux.loss_ce: 0.0126  aux.acc_seg: 95.9567
2023/06/14 20:02:31 - mmengine - INFO - Iter(train) [ 2700/10000]  lr: 7.5587e-03  eta: 0:36:44  time: 0.3003  data_time: 0.0057  memory: 6112  loss: 0.0351  decode.loss_ce: 0.0238  decode.acc_seg: 98.2321  aux.loss_ce: 0.0113  aux.acc_seg: 97.8275
2023/06/14 20:02:46 - mmengine - INFO - Iter(train) [ 2750/10000]  lr: 7.5127e-03  eta: 0:36:29  time: 0.3000  data_time: 0.0054  memory: 6111  loss: 0.0358  decode.loss_ce: 0.0229  decode.acc_seg: 97.9741  aux.loss_ce: 0.0129  aux.acc_seg: 97.6923
2023/06/14 20:03:01 - mmengine - INFO - Iter(train) [ 2800/10000]  lr: 7.4667e-03  eta: 0:36:14  time: 0.3003  data_time: 0.0049  memory: 6112  loss: 0.0396  decode.loss_ce: 0.0262  decode.acc_seg: 98.6880  aux.loss_ce: 0.0134  aux.acc_seg: 98.4249
2023/06/14 20:03:16 - mmengine - INFO - Iter(train) [ 2850/10000]  lr: 7.4207e-03  eta: 0:35:58  time: 0.3000  data_time: 0.0050  memory: 6112  loss: 0.0361  decode.loss_ce: 0.0242  decode.acc_seg: 98.0469  aux.loss_ce: 0.0119  aux.acc_seg: 97.7982
2023/06/14 20:03:31 - mmengine - INFO - Iter(train) [ 2900/10000]  lr: 7.3746e-03  eta: 0:35:43  time: 0.3000  data_time: 0.0053  memory: 6111  loss: 0.0364  decode.loss_ce: 0.0246  decode.acc_seg: 98.8160  aux.loss_ce: 0.0118  aux.acc_seg: 98.5965
2023/06/14 20:03:46 - mmengine - INFO - Iter(train) [ 2950/10000]  lr: 7.3284e-03  eta: 0:35:27  time: 0.2995  data_time: 0.0051  memory: 6111  loss: 0.0316  decode.loss_ce: 0.0210  decode.acc_seg: 98.6860  aux.loss_ce: 0.0105  aux.acc_seg: 98.4258
2023/06/14 20:04:01 - mmengine - INFO - Exp name: pspnet_r50-d8_4xb4-80k_ade20k-512x512_20230614_194834
2023/06/14 20:04:01 - mmengine - INFO - Iter(train) [ 3000/10000]  lr: 7.2823e-03  eta: 0:35:12  time: 0.2996  data_time: 0.0055  memory: 6112  loss: 0.0327  decode.loss_ce: 0.0219  decode.acc_seg: 98.8982  aux.loss_ce: 0.0108  aux.acc_seg: 98.6671
2023/06/14 20:04:01 - mmengine - INFO - Saving checkpoint at 3000 iterations
2023/06/14 20:04:02 - mmengine - INFO - per class results:
2023/06/14 20:04:02 - mmengine - INFO - 
+------------+-------+-------+
|   Class    |  IoU  |  Acc  |
+------------+-------+-------+
|    red     | 96.13 | 98.64 |
|   green    | 96.55 |  97.5 |
|   white    | 87.49 | 92.48 |
| seed-black | 65.71 | 77.87 |
| seed-white | 39.24 | 43.46 |
+------------+-------+-------+
2023/06/14 20:04:02 - mmengine - INFO - Iter(val) [11/11]  aAcc: 96.8800  mIoU: 77.0200  mAcc: 81.9900data_time: 0.0010  time: 0.0276  
2023/06/14 20:04:02 - mmengine - INFO - The previous best checkpoint /root/autodl-tmp/mmsegmentation/work_dirs/pspnet_r50-d8_4xb4-80k_ade20k-512x512/best_aAcc_iter_2000.pth is removed
2023/06/14 20:04:03 - mmengine - INFO - The best checkpoint with 96.8800 aAcc at 3000 iter is saved to best_aAcc_iter_3000.pth.
2023/06/14 20:04:18 - mmengine - INFO - Iter(train) [ 3050/10000]  lr: 7.2361e-03  eta: 0:34:59  time: 0.2994  data_time: 0.0053  memory: 6111  loss: 0.0310  decode.loss_ce: 0.0206  decode.acc_seg: 98.7194  aux.loss_ce: 0.0105  aux.acc_seg: 98.6368
2023/06/14 20:04:33 - mmengine - INFO - Iter(train) [ 3100/10000]  lr: 7.1899e-03  eta: 0:34:44  time: 0.2999  data_time: 0.0055  memory: 6112  loss: 0.0351  decode.loss_ce: 0.0233  decode.acc_seg: 98.5732  aux.loss_ce: 0.0118  aux.acc_seg: 98.3021
2023/06/14 20:04:48 - mmengine - INFO - Iter(train) [ 3150/10000]  lr: 7.1436e-03  eta: 0:34:28  time: 0.3011  data_time: 0.0060  memory: 6112  loss: 0.0301  decode.loss_ce: 0.0203  decode.acc_seg: 98.4997  aux.loss_ce: 0.0098  aux.acc_seg: 98.3530
2023/06/14 20:05:03 - mmengine - INFO - Iter(train) [ 3200/10000]  lr: 7.0973e-03  eta: 0:34:13  time: 0.2996  data_time: 0.0054  memory: 6112  loss: 0.0336  decode.loss_ce: 0.0225  decode.acc_seg: 97.9682  aux.loss_ce: 0.0112  aux.acc_seg: 97.5544
2023/06/14 20:05:18 - mmengine - INFO - Iter(train) [ 3250/10000]  lr: 7.0510e-03  eta: 0:33:58  time: 0.2999  data_time: 0.0054  memory: 6112  loss: 0.0332  decode.loss_ce: 0.0218  decode.acc_seg: 98.5966  aux.loss_ce: 0.0114  aux.acc_seg: 97.9435
2023/06/14 20:05:33 - mmengine - INFO - Iter(train) [ 3300/10000]  lr: 7.0046e-03  eta: 0:33:42  time: 0.2994  data_time: 0.0054  memory: 6113  loss: 0.0428  decode.loss_ce: 0.0283  decode.acc_seg: 97.3493  aux.loss_ce: 0.0145  aux.acc_seg: 96.3507
2023/06/14 20:05:48 - mmengine - INFO - Iter(train) [ 3350/10000]  lr: 6.9583e-03  eta: 0:33:27  time: 0.3000  data_time: 0.0053  memory: 6112  loss: 0.0474  decode.loss_ce: 0.0295  decode.acc_seg: 98.1679  aux.loss_ce: 0.0179  aux.acc_seg: 97.8897
2023/06/14 20:06:03 - mmengine - INFO - Iter(train) [ 3400/10000]  lr: 6.9118e-03  eta: 0:33:12  time: 0.2999  data_time: 0.0054  memory: 6112  loss: 0.0357  decode.loss_ce: 0.0242  decode.acc_seg: 97.7458  aux.loss_ce: 0.0115  aux.acc_seg: 97.3424
2023/06/14 20:06:18 - mmengine - INFO - Iter(train) [ 3450/10000]  lr: 6.8654e-03  eta: 0:32:57  time: 0.3004  data_time: 0.0055  memory: 6112  loss: 0.0387  decode.loss_ce: 0.0252  decode.acc_seg: 97.9814  aux.loss_ce: 0.0135  aux.acc_seg: 97.3361
2023/06/14 20:06:33 - mmengine - INFO - Iter(train) [ 3500/10000]  lr: 6.8189e-03  eta: 0:32:41  time: 0.2996  data_time: 0.0050  memory: 6111  loss: 0.0317  decode.loss_ce: 0.0212  decode.acc_seg: 98.6694  aux.loss_ce: 0.0104  aux.acc_seg: 98.3261
2023/06/14 20:06:33 - mmengine - INFO - Saving checkpoint at 3500 iterations
2023/06/14 20:06:35 - mmengine - INFO - per class results:
2023/06/14 20:06:35 - mmengine - INFO - 
+------------+-------+-------+
|   Class    |  IoU  |  Acc  |
+------------+-------+-------+
|    red     | 96.11 | 98.91 |
|   green    | 96.15 | 97.41 |
|   white    | 86.94 | 91.19 |
| seed-black | 65.86 | 75.57 |
| seed-white | 42.65 | 48.02 |
+------------+-------+-------+
2023/06/14 20:06:35 - mmengine - INFO - Iter(val) [11/11]  aAcc: 96.8200  mIoU: 77.5400  mAcc: 82.2200data_time: 0.0011  time: 0.0278  
2023/06/14 20:06:50 - mmengine - INFO - Iter(train) [ 3550/10000]  lr: 6.7723e-03  eta: 0:32:26  time: 0.3002  data_time: 0.0057  memory: 6112  loss: 0.0384  decode.loss_ce: 0.0259  decode.acc_seg: 98.9089  aux.loss_ce: 0.0125  aux.acc_seg: 98.7471
2023/06/14 20:07:05 - mmengine - INFO - Iter(train) [ 3600/10000]  lr: 6.7258e-03  eta: 0:32:11  time: 0.2995  data_time: 0.0055  memory: 6112  loss: 0.0411  decode.loss_ce: 0.0272  decode.acc_seg: 98.2604  aux.loss_ce: 0.0139  aux.acc_seg: 97.9198
2023/06/14 20:07:20 - mmengine - INFO - Iter(train) [ 3650/10000]  lr: 6.6792e-03  eta: 0:31:56  time: 0.2995  data_time: 0.0054  memory: 6111  loss: 0.0323  decode.loss_ce: 0.0215  decode.acc_seg: 98.5942  aux.loss_ce: 0.0108  aux.acc_seg: 98.2607
2023/06/14 20:07:35 - mmengine - INFO - Iter(train) [ 3700/10000]  lr: 6.6325e-03  eta: 0:31:40  time: 0.3002  data_time: 0.0053  memory: 6112  loss: 0.0337  decode.loss_ce: 0.0227  decode.acc_seg: 98.1858  aux.loss_ce: 0.0110  aux.acc_seg: 98.0768
2023/06/14 20:07:50 - mmengine - INFO - Iter(train) [ 3750/10000]  lr: 6.5858e-03  eta: 0:31:25  time: 0.2999  data_time: 0.0053  memory: 6111  loss: 0.0319  decode.loss_ce: 0.0214  decode.acc_seg: 98.5285  aux.loss_ce: 0.0105  aux.acc_seg: 98.4105
2023/06/14 20:08:05 - mmengine - INFO - Iter(train) [ 3800/10000]  lr: 6.5391e-03  eta: 0:31:10  time: 0.3003  data_time: 0.0055  memory: 6112  loss: 0.0311  decode.loss_ce: 0.0210  decode.acc_seg: 98.7399  aux.loss_ce: 0.0101  aux.acc_seg: 98.4612
2023/06/14 20:08:20 - mmengine - INFO - Iter(train) [ 3850/10000]  lr: 6.4924e-03  eta: 0:30:55  time: 0.2999  data_time: 0.0056  memory: 6112  loss: 0.0266  decode.loss_ce: 0.0176  decode.acc_seg: 98.6023  aux.loss_ce: 0.0090  aux.acc_seg: 98.3608
2023/06/14 20:08:35 - mmengine - INFO - Iter(train) [ 3900/10000]  lr: 6.4456e-03  eta: 0:30:39  time: 0.2998  data_time: 0.0053  memory: 6112  loss: 0.0307  decode.loss_ce: 0.0205  decode.acc_seg: 98.5767  aux.loss_ce: 0.0103  aux.acc_seg: 98.3341
2023/06/14 20:08:50 - mmengine - INFO - Iter(train) [ 3950/10000]  lr: 6.3987e-03  eta: 0:30:24  time: 0.3006  data_time: 0.0056  memory: 6112  loss: 0.0313  decode.loss_ce: 0.0209  decode.acc_seg: 98.5950  aux.loss_ce: 0.0104  aux.acc_seg: 98.3585
2023/06/14 20:09:05 - mmengine - INFO - Exp name: pspnet_r50-d8_4xb4-80k_ade20k-512x512_20230614_194834
2023/06/14 20:09:05 - mmengine - INFO - Iter(train) [ 4000/10000]  lr: 6.3519e-03  eta: 0:30:09  time: 0.2996  data_time: 0.0052  memory: 6113  loss: 0.0311  decode.loss_ce: 0.0208  decode.acc_seg: 98.7391  aux.loss_ce: 0.0102  aux.acc_seg: 98.6282
2023/06/14 20:09:05 - mmengine - INFO - Saving checkpoint at 4000 iterations
2023/06/14 20:09:06 - mmengine - INFO - per class results:
2023/06/14 20:09:06 - mmengine - INFO - 
+------------+-------+-------+
|   Class    |  IoU  |  Acc  |
+------------+-------+-------+
|    red     | 96.34 | 98.53 |
|   green    | 96.56 | 97.32 |
|   white    | 88.28 | 94.01 |
| seed-black | 66.49 |  76.9 |
| seed-white | 41.77 | 46.48 |
+------------+-------+-------+
2023/06/14 20:09:06 - mmengine - INFO - Iter(val) [11/11]  aAcc: 97.0400  mIoU: 77.8900  mAcc: 82.6500data_time: 0.0011  time: 0.0277  
2023/06/14 20:09:06 - mmengine - INFO - The previous best checkpoint /root/autodl-tmp/mmsegmentation/work_dirs/pspnet_r50-d8_4xb4-80k_ade20k-512x512/best_aAcc_iter_3000.pth is removed
2023/06/14 20:09:07 - mmengine - INFO - The best checkpoint with 97.0400 aAcc at 4000 iter is saved to best_aAcc_iter_4000.pth.
2023/06/14 20:09:22 - mmengine - INFO - Iter(train) [ 4050/10000]  lr: 6.3050e-03  eta: 0:29:55  time: 0.3001  data_time: 0.0053  memory: 6112  loss: 0.0310  decode.loss_ce: 0.0208  decode.acc_seg: 98.1901  aux.loss_ce: 0.0103  aux.acc_seg: 98.1513
2023/06/14 20:09:37 - mmengine - INFO - Iter(train) [ 4100/10000]  lr: 6.2580e-03  eta: 0:29:40  time: 0.3008  data_time: 0.0057  memory: 6113  loss: 0.0298  decode.loss_ce: 0.0197  decode.acc_seg: 98.9416  aux.loss_ce: 0.0101  aux.acc_seg: 98.8113
2023/06/14 20:09:52 - mmengine - INFO - Iter(train) [ 4150/10000]  lr: 6.2110e-03  eta: 0:29:25  time: 0.3001  data_time: 0.0054  memory: 6111  loss: 0.0303  decode.loss_ce: 0.0199  decode.acc_seg: 99.0316  aux.loss_ce: 0.0104  aux.acc_seg: 98.5525
2023/06/14 20:10:07 - mmengine - INFO - Iter(train) [ 4200/10000]  lr: 6.1640e-03  eta: 0:29:10  time: 0.3003  data_time: 0.0053  memory: 6112  loss: 0.0296  decode.loss_ce: 0.0197  decode.acc_seg: 99.0790  aux.loss_ce: 0.0099  aux.acc_seg: 98.9149
2023/06/14 20:10:22 - mmengine - INFO - Iter(train) [ 4250/10000]  lr: 6.1169e-03  eta: 0:28:54  time: 0.3003  data_time: 0.0054  memory: 6113  loss: 0.0295  decode.loss_ce: 0.0198  decode.acc_seg: 98.6455  aux.loss_ce: 0.0097  aux.acc_seg: 98.4224
2023/06/14 20:10:37 - mmengine - INFO - Iter(train) [ 4300/10000]  lr: 6.0698e-03  eta: 0:28:39  time: 0.2995  data_time: 0.0052  memory: 6111  loss: 0.0300  decode.loss_ce: 0.0202  decode.acc_seg: 98.6589  aux.loss_ce: 0.0099  aux.acc_seg: 98.4544
2023/06/14 20:10:52 - mmengine - INFO - Iter(train) [ 4350/10000]  lr: 6.0227e-03  eta: 0:28:24  time: 0.2998  data_time: 0.0055  memory: 6113  loss: 0.0275  decode.loss_ce: 0.0180  decode.acc_seg: 98.2814  aux.loss_ce: 0.0095  aux.acc_seg: 97.8694
2023/06/14 20:11:07 - mmengine - INFO - Iter(train) [ 4400/10000]  lr: 5.9755e-03  eta: 0:28:09  time: 0.3000  data_time: 0.0052  memory: 6111  loss: 0.0360  decode.loss_ce: 0.0234  decode.acc_seg: 98.2899  aux.loss_ce: 0.0126  aux.acc_seg: 97.5584
2023/06/14 20:11:22 - mmengine - INFO - Iter(train) [ 4450/10000]  lr: 5.9282e-03  eta: 0:27:54  time: 0.3003  data_time: 0.0053  memory: 6112  loss: 0.0318  decode.loss_ce: 0.0210  decode.acc_seg: 98.8236  aux.loss_ce: 0.0108  aux.acc_seg: 98.5742
2023/06/14 20:11:37 - mmengine - INFO - Iter(train) [ 4500/10000]  lr: 5.8810e-03  eta: 0:27:38  time: 0.3002  data_time: 0.0055  memory: 6112  loss: 0.0300  decode.loss_ce: 0.0198  decode.acc_seg: 99.0885  aux.loss_ce: 0.0101  aux.acc_seg: 98.8558
2023/06/14 20:11:37 - mmengine - INFO - Saving checkpoint at 4500 iterations
2023/06/14 20:11:39 - mmengine - INFO - per class results:
2023/06/14 20:11:39 - mmengine - INFO - 
+------------+-------+-------+
|   Class    |  IoU  |  Acc  |
+------------+-------+-------+
|    red     | 96.29 | 98.69 |
|   green    |  96.6 | 97.32 |
|   white    | 88.06 | 92.97 |
| seed-black | 66.34 | 79.99 |
| seed-white | 41.22 | 45.38 |
+------------+-------+-------+
2023/06/14 20:11:39 - mmengine - INFO - Iter(val) [11/11]  aAcc: 97.0000  mIoU: 77.7000  mAcc: 82.8700data_time: 0.0010  time: 0.0276  
2023/06/14 20:11:54 - mmengine - INFO - Iter(train) [ 4550/10000]  lr: 5.8336e-03  eta: 0:27:23  time: 0.2998  data_time: 0.0053  memory: 6112  loss: 0.0295  decode.loss_ce: 0.0198  decode.acc_seg: 98.4316  aux.loss_ce: 0.0097  aux.acc_seg: 98.1444
2023/06/14 20:12:09 - mmengine - INFO - Iter(train) [ 4600/10000]  lr: 5.7863e-03  eta: 0:27:08  time: 0.2999  data_time: 0.0053  memory: 6111  loss: 0.0285  decode.loss_ce: 0.0189  decode.acc_seg: 98.5618  aux.loss_ce: 0.0096  aux.acc_seg: 98.2783
2023/06/14 20:12:24 - mmengine - INFO - Iter(train) [ 4650/10000]  lr: 5.7389e-03  eta: 0:26:53  time: 0.3009  data_time: 0.0052  memory: 6112  loss: 0.0285  decode.loss_ce: 0.0185  decode.acc_seg: 98.5258  aux.loss_ce: 0.0100  aux.acc_seg: 98.0667
2023/06/14 20:12:39 - mmengine - INFO - Iter(train) [ 4700/10000]  lr: 5.6914e-03  eta: 0:26:38  time: 0.3000  data_time: 0.0053  memory: 6112  loss: 0.0307  decode.loss_ce: 0.0206  decode.acc_seg: 97.9069  aux.loss_ce: 0.0101  aux.acc_seg: 97.5619
2023/06/14 20:12:54 - mmengine - INFO - Iter(train) [ 4750/10000]  lr: 5.6439e-03  eta: 0:26:23  time: 0.2997  data_time: 0.0054  memory: 6111  loss: 0.0268  decode.loss_ce: 0.0180  decode.acc_seg: 98.9581  aux.loss_ce: 0.0088  aux.acc_seg: 98.8361
2023/06/14 20:13:09 - mmengine - INFO - Iter(train) [ 4800/10000]  lr: 5.5964e-03  eta: 0:26:08  time: 0.3005  data_time: 0.0057  memory: 6112  loss: 0.0276  decode.loss_ce: 0.0184  decode.acc_seg: 99.3201  aux.loss_ce: 0.0092  aux.acc_seg: 98.9884
2023/06/14 20:13:24 - mmengine - INFO - Iter(train) [ 4850/10000]  lr: 5.5488e-03  eta: 0:25:52  time: 0.3010  data_time: 0.0058  memory: 6111  loss: 0.0266  decode.loss_ce: 0.0179  decode.acc_seg: 98.9856  aux.loss_ce: 0.0087  aux.acc_seg: 98.6713
2023/06/14 20:13:39 - mmengine - INFO - Iter(train) [ 4900/10000]  lr: 5.5012e-03  eta: 0:25:37  time: 0.2995  data_time: 0.0056  memory: 6112  loss: 0.0273  decode.loss_ce: 0.0181  decode.acc_seg: 98.8698  aux.loss_ce: 0.0092  aux.acc_seg: 98.6448
2023/06/14 20:13:54 - mmengine - INFO - Iter(train) [ 4950/10000]  lr: 5.4535e-03  eta: 0:25:22  time: 0.2993  data_time: 0.0052  memory: 6112  loss: 0.0302  decode.loss_ce: 0.0199  decode.acc_seg: 98.8801  aux.loss_ce: 0.0103  aux.acc_seg: 98.6943
2023/06/14 20:14:09 - mmengine - INFO - Exp name: pspnet_r50-d8_4xb4-80k_ade20k-512x512_20230614_194834
2023/06/14 20:14:09 - mmengine - INFO - Iter(train) [ 5000/10000]  lr: 5.4058e-03  eta: 0:25:07  time: 0.3004  data_time: 0.0053  memory: 6111  loss: 0.0257  decode.loss_ce: 0.0171  decode.acc_seg: 98.7334  aux.loss_ce: 0.0086  aux.acc_seg: 98.4337
2023/06/14 20:14:09 - mmengine - INFO - Saving checkpoint at 5000 iterations
2023/06/14 20:14:11 - mmengine - INFO - per class results:
2023/06/14 20:14:11 - mmengine - INFO - 
+------------+-------+-------+
|   Class    |  IoU  |  Acc  |
+------------+-------+-------+
|    red     | 96.26 | 98.78 |
|   green    | 96.69 | 97.59 |
|   white    | 87.97 | 92.84 |
| seed-black |  65.5 | 73.65 |
| seed-white | 42.35 | 46.66 |
+------------+-------+-------+
2023/06/14 20:14:11 - mmengine - INFO - Iter(val) [11/11]  aAcc: 97.0000  mIoU: 77.7500  mAcc: 81.9000data_time: 0.0011  time: 0.0276  
2023/06/14 20:14:26 - mmengine - INFO - Iter(train) [ 5050/10000]  lr: 5.3580e-03  eta: 0:24:52  time: 0.2998  data_time: 0.0054  memory: 6112  loss: 0.0269  decode.loss_ce: 0.0174  decode.acc_seg: 99.0802  aux.loss_ce: 0.0095  aux.acc_seg: 98.9905
2023/06/14 20:14:41 - mmengine - INFO - Iter(train) [ 5100/10000]  lr: 5.3102e-03  eta: 0:24:37  time: 0.2998  data_time: 0.0057  memory: 6111  loss: 0.0251  decode.loss_ce: 0.0169  decode.acc_seg: 99.1282  aux.loss_ce: 0.0081  aux.acc_seg: 99.0373
2023/06/14 20:14:56 - mmengine - INFO - Iter(train) [ 5150/10000]  lr: 5.2623e-03  eta: 0:24:22  time: 0.2994  data_time: 0.0049  memory: 6112  loss: 0.0306  decode.loss_ce: 0.0197  decode.acc_seg: 98.7908  aux.loss_ce: 0.0109  aux.acc_seg: 98.6636
2023/06/14 20:15:11 - mmengine - INFO - Iter(train) [ 5200/10000]  lr: 5.2144e-03  eta: 0:24:06  time: 0.3005  data_time: 0.0061  memory: 6113  loss: 0.0288  decode.loss_ce: 0.0192  decode.acc_seg: 97.6424  aux.loss_ce: 0.0096  aux.acc_seg: 96.8892
2023/06/14 20:15:26 - mmengine - INFO - Iter(train) [ 5250/10000]  lr: 5.1664e-03  eta: 0:23:51  time: 0.2999  data_time: 0.0054  memory: 6112  loss: 0.0415  decode.loss_ce: 0.0253  decode.acc_seg: 99.0065  aux.loss_ce: 0.0162  aux.acc_seg: 98.7556
2023/06/14 20:15:41 - mmengine - INFO - Iter(train) [ 5300/10000]  lr: 5.1184e-03  eta: 0:23:36  time: 0.2997  data_time: 0.0052  memory: 6111  loss: 0.0272  decode.loss_ce: 0.0177  decode.acc_seg: 99.0305  aux.loss_ce: 0.0094  aux.acc_seg: 98.8458
2023/06/14 20:15:56 - mmengine - INFO - Iter(train) [ 5350/10000]  lr: 5.0703e-03  eta: 0:23:21  time: 0.3000  data_time: 0.0055  memory: 6112  loss: 0.0278  decode.loss_ce: 0.0185  decode.acc_seg: 98.7926  aux.loss_ce: 0.0093  aux.acc_seg: 98.6569
2023/06/14 20:16:11 - mmengine - INFO - Iter(train) [ 5400/10000]  lr: 5.0222e-03  eta: 0:23:06  time: 0.3003  data_time: 0.0060  memory: 6111  loss: 0.0258  decode.loss_ce: 0.0170  decode.acc_seg: 98.3372  aux.loss_ce: 0.0088  aux.acc_seg: 97.7558
2023/06/14 20:16:26 - mmengine - INFO - Iter(train) [ 5450/10000]  lr: 4.9740e-03  eta: 0:22:51  time: 0.3001  data_time: 0.0057  memory: 6112  loss: 0.0260  decode.loss_ce: 0.0174  decode.acc_seg: 98.3822  aux.loss_ce: 0.0087  aux.acc_seg: 98.0847
2023/06/14 20:16:41 - mmengine - INFO - Iter(train) [ 5500/10000]  lr: 4.9258e-03  eta: 0:22:36  time: 0.2997  data_time: 0.0055  memory: 6111  loss: 0.0304  decode.loss_ce: 0.0201  decode.acc_seg: 98.8393  aux.loss_ce: 0.0102  aux.acc_seg: 98.6963
2023/06/14 20:16:41 - mmengine - INFO - Saving checkpoint at 5500 iterations
2023/06/14 20:16:42 - mmengine - INFO - per class results:
2023/06/14 20:16:42 - mmengine - INFO - 
+------------+-------+-------+
|   Class    |  IoU  |  Acc  |
+------------+-------+-------+
|    red     |  96.2 | 98.88 |
|   green    | 96.71 | 97.53 |
|   white    | 87.48 | 91.61 |
| seed-black | 66.83 | 78.21 |
| seed-white | 45.93 | 53.68 |
+------------+-------+-------+
2023/06/14 20:16:42 - mmengine - INFO - Iter(val) [11/11]  aAcc: 96.9500  mIoU: 78.6300  mAcc: 83.9800data_time: 0.0011  time: 0.0278  
2023/06/14 20:16:58 - mmengine - INFO - Iter(train) [ 5550/10000]  lr: 4.8775e-03  eta: 0:22:21  time: 0.2998  data_time: 0.0054  memory: 6112  loss: 0.0313  decode.loss_ce: 0.0204  decode.acc_seg: 98.8170  aux.loss_ce: 0.0109  aux.acc_seg: 98.4891
2023/06/14 20:17:13 - mmengine - INFO - Iter(train) [ 5600/10000]  lr: 4.8291e-03  eta: 0:22:05  time: 0.2996  data_time: 0.0054  memory: 6112  loss: 0.0280  decode.loss_ce: 0.0193  decode.acc_seg: 98.9545  aux.loss_ce: 0.0086  aux.acc_seg: 98.9061
2023/06/14 20:17:28 - mmengine - INFO - Iter(train) [ 5650/10000]  lr: 4.7807e-03  eta: 0:21:50  time: 0.3000  data_time: 0.0054  memory: 6112  loss: 0.0304  decode.loss_ce: 0.0197  decode.acc_seg: 98.1434  aux.loss_ce: 0.0106  aux.acc_seg: 97.1173
2023/06/14 20:17:43 - mmengine - INFO - Iter(train) [ 5700/10000]  lr: 4.7323e-03  eta: 0:21:35  time: 0.3000  data_time: 0.0055  memory: 6112  loss: 0.0260  decode.loss_ce: 0.0171  decode.acc_seg: 98.4521  aux.loss_ce: 0.0089  aux.acc_seg: 98.0750
2023/06/14 20:17:58 - mmengine - INFO - Iter(train) [ 5750/10000]  lr: 4.6838e-03  eta: 0:21:20  time: 0.2994  data_time: 0.0051  memory: 6112  loss: 0.0263  decode.loss_ce: 0.0175  decode.acc_seg: 98.9923  aux.loss_ce: 0.0088  aux.acc_seg: 98.9208
2023/06/14 20:18:13 - mmengine - INFO - Iter(train) [ 5800/10000]  lr: 4.6352e-03  eta: 0:21:05  time: 0.2998  data_time: 0.0055  memory: 6112  loss: 0.0240  decode.loss_ce: 0.0161  decode.acc_seg: 99.4227  aux.loss_ce: 0.0080  aux.acc_seg: 99.3261
2023/06/14 20:18:28 - mmengine - INFO - Iter(train) [ 5850/10000]  lr: 4.5866e-03  eta: 0:20:50  time: 0.3001  data_time: 0.0054  memory: 6112  loss: 0.0272  decode.loss_ce: 0.0180  decode.acc_seg: 98.7611  aux.loss_ce: 0.0092  aux.acc_seg: 98.5462
2023/06/14 20:18:43 - mmengine - INFO - Iter(train) [ 5900/10000]  lr: 4.5379e-03  eta: 0:20:35  time: 0.3001  data_time: 0.0054  memory: 6112  loss: 0.0252  decode.loss_ce: 0.0169  decode.acc_seg: 98.4936  aux.loss_ce: 0.0084  aux.acc_seg: 98.1382
2023/06/14 20:18:58 - mmengine - INFO - Iter(train) [ 5950/10000]  lr: 4.4892e-03  eta: 0:20:20  time: 0.2992  data_time: 0.0052  memory: 6113  loss: 0.0279  decode.loss_ce: 0.0184  decode.acc_seg: 98.6621  aux.loss_ce: 0.0095  aux.acc_seg: 98.2250
2023/06/14 20:19:13 - mmengine - INFO - Exp name: pspnet_r50-d8_4xb4-80k_ade20k-512x512_20230614_194834
2023/06/14 20:19:13 - mmengine - INFO - Iter(train) [ 6000/10000]  lr: 4.4404e-03  eta: 0:20:05  time: 0.2999  data_time: 0.0054  memory: 6112  loss: 0.0271  decode.loss_ce: 0.0181  decode.acc_seg: 98.9818  aux.loss_ce: 0.0090  aux.acc_seg: 98.7691
2023/06/14 20:19:13 - mmengine - INFO - Saving checkpoint at 6000 iterations
2023/06/14 20:19:14 - mmengine - INFO - per class results:
2023/06/14 20:19:14 - mmengine - INFO - 
+------------+-------+-------+
|   Class    |  IoU  |  Acc  |
+------------+-------+-------+
|    red     | 96.35 | 98.93 |
|   green    | 96.33 | 96.89 |
|   white    | 87.74 | 92.71 |
| seed-black | 66.95 | 76.13 |
| seed-white | 41.48 | 44.98 |
+------------+-------+-------+
2023/06/14 20:19:14 - mmengine - INFO - Iter(val) [11/11]  aAcc: 96.9900  mIoU: 77.7700  mAcc: 81.9300data_time: 0.0011  time: 0.0277  
2023/06/14 20:19:29 - mmengine - INFO - Iter(train) [ 6050/10000]  lr: 4.3915e-03  eta: 0:19:49  time: 0.2994  data_time: 0.0056  memory: 6112  loss: 0.0272  decode.loss_ce: 0.0180  decode.acc_seg: 98.8980  aux.loss_ce: 0.0092  aux.acc_seg: 98.7992
2023/06/14 20:19:44 - mmengine - INFO - Iter(train) [ 6100/10000]  lr: 4.3426e-03  eta: 0:19:34  time: 0.3001  data_time: 0.0053  memory: 6111  loss: 0.0231  decode.loss_ce: 0.0153  decode.acc_seg: 99.0598  aux.loss_ce: 0.0078  aux.acc_seg: 98.9577
2023/06/14 20:19:59 - mmengine - INFO - Iter(train) [ 6150/10000]  lr: 4.2936e-03  eta: 0:19:19  time: 0.2994  data_time: 0.0054  memory: 6112  loss: 0.0248  decode.loss_ce: 0.0164  decode.acc_seg: 98.3000  aux.loss_ce: 0.0085  aux.acc_seg: 98.1657
2023/06/14 20:20:14 - mmengine - INFO - Iter(train) [ 6200/10000]  lr: 4.2446e-03  eta: 0:19:04  time: 0.3001  data_time: 0.0060  memory: 6112  loss: 0.0268  decode.loss_ce: 0.0180  decode.acc_seg: 98.8004  aux.loss_ce: 0.0088  aux.acc_seg: 98.3649
2023/06/14 20:20:29 - mmengine - INFO - Iter(train) [ 6250/10000]  lr: 4.1955e-03  eta: 0:18:49  time: 0.3000  data_time: 0.0053  memory: 6112  loss: 0.0233  decode.loss_ce: 0.0156  decode.acc_seg: 98.9067  aux.loss_ce: 0.0076  aux.acc_seg: 98.6353
2023/06/14 20:20:44 - mmengine - INFO - Iter(train) [ 6300/10000]  lr: 4.1463e-03  eta: 0:18:34  time: 0.3004  data_time: 0.0057  memory: 6113  loss: 0.0272  decode.loss_ce: 0.0177  decode.acc_seg: 98.8543  aux.loss_ce: 0.0095  aux.acc_seg: 98.6552
2023/06/14 20:20:59 - mmengine - INFO - Iter(train) [ 6350/10000]  lr: 4.0970e-03  eta: 0:18:19  time: 0.2999  data_time: 0.0052  memory: 6112  loss: 0.0240  decode.loss_ce: 0.0161  decode.acc_seg: 98.5491  aux.loss_ce: 0.0078  aux.acc_seg: 98.3724
2023/06/14 20:21:14 - mmengine - INFO - Iter(train) [ 6400/10000]  lr: 4.0477e-03  eta: 0:18:04  time: 0.2998  data_time: 0.0056  memory: 6113  loss: 0.0266  decode.loss_ce: 0.0178  decode.acc_seg: 98.6997  aux.loss_ce: 0.0088  aux.acc_seg: 98.5175
2023/06/14 20:21:29 - mmengine - INFO - Iter(train) [ 6450/10000]  lr: 3.9983e-03  eta: 0:17:49  time: 0.2998  data_time: 0.0051  memory: 6112  loss: 0.0225  decode.loss_ce: 0.0149  decode.acc_seg: 98.6709  aux.loss_ce: 0.0075  aux.acc_seg: 98.3404
2023/06/14 20:21:44 - mmengine - INFO - Iter(train) [ 6500/10000]  lr: 3.9489e-03  eta: 0:17:34  time: 0.3004  data_time: 0.0054  memory: 6112  loss: 0.0259  decode.loss_ce: 0.0174  decode.acc_seg: 98.1207  aux.loss_ce: 0.0085  aux.acc_seg: 97.8996
2023/06/14 20:21:44 - mmengine - INFO - Saving checkpoint at 6500 iterations
2023/06/14 20:21:46 - mmengine - INFO - per class results:
2023/06/14 20:21:46 - mmengine - INFO - 
+------------+-------+-------+
|   Class    |  IoU  |  Acc  |
+------------+-------+-------+
|    red     | 96.28 | 98.75 |
|   green    |  96.7 | 97.32 |
|   white    | 87.81 | 92.61 |
| seed-black | 67.64 | 79.66 |
| seed-white | 45.84 | 51.42 |
+------------+-------+-------+
2023/06/14 20:21:46 - mmengine - INFO - Iter(val) [11/11]  aAcc: 97.0100  mIoU: 78.8500  mAcc: 83.9500data_time: 0.0012  time: 0.0276  
2023/06/14 20:22:01 - mmengine - INFO - Iter(train) [ 6550/10000]  lr: 3.8994e-03  eta: 0:17:19  time: 0.3000  data_time: 0.0057  memory: 6112  loss: 0.0321  decode.loss_ce: 0.0193  decode.acc_seg: 98.7894  aux.loss_ce: 0.0129  aux.acc_seg: 98.6310
2023/06/14 20:22:16 - mmengine - INFO - Iter(train) [ 6600/10000]  lr: 3.8498e-03  eta: 0:17:03  time: 0.3010  data_time: 0.0060  memory: 6112  loss: 0.0296  decode.loss_ce: 0.0195  decode.acc_seg: 98.7047  aux.loss_ce: 0.0101  aux.acc_seg: 98.2682
2023/06/14 20:22:31 - mmengine - INFO - Iter(train) [ 6650/10000]  lr: 3.8001e-03  eta: 0:16:48  time: 0.2993  data_time: 0.0054  memory: 6111  loss: 0.0253  decode.loss_ce: 0.0168  decode.acc_seg: 98.4667  aux.loss_ce: 0.0086  aux.acc_seg: 98.2430
2023/06/14 20:22:46 - mmengine - INFO - Iter(train) [ 6700/10000]  lr: 3.7504e-03  eta: 0:16:33  time: 0.2998  data_time: 0.0053  memory: 6111  loss: 0.0291  decode.loss_ce: 0.0192  decode.acc_seg: 99.0127  aux.loss_ce: 0.0100  aux.acc_seg: 98.5873
2023/06/14 20:23:01 - mmengine - INFO - Iter(train) [ 6750/10000]  lr: 3.7006e-03  eta: 0:16:18  time: 0.3001  data_time: 0.0049  memory: 6112  loss: 0.0275  decode.loss_ce: 0.0184  decode.acc_seg: 98.4265  aux.loss_ce: 0.0091  aux.acc_seg: 98.3049
2023/06/14 20:23:16 - mmengine - INFO - Iter(train) [ 6800/10000]  lr: 3.6507e-03  eta: 0:16:03  time: 0.3005  data_time: 0.0059  memory: 6112  loss: 0.0262  decode.loss_ce: 0.0175  decode.acc_seg: 98.9846  aux.loss_ce: 0.0086  aux.acc_seg: 98.6940
2023/06/14 20:23:31 - mmengine - INFO - Iter(train) [ 6850/10000]  lr: 3.6007e-03  eta: 0:15:48  time: 0.3003  data_time: 0.0053  memory: 6112  loss: 0.0266  decode.loss_ce: 0.0177  decode.acc_seg: 98.6057  aux.loss_ce: 0.0089  aux.acc_seg: 98.4194
2023/06/14 20:23:46 - mmengine - INFO - Iter(train) [ 6900/10000]  lr: 3.5506e-03  eta: 0:15:33  time: 0.2995  data_time: 0.0051  memory: 6113  loss: 0.0239  decode.loss_ce: 0.0157  decode.acc_seg: 98.9890  aux.loss_ce: 0.0082  aux.acc_seg: 98.7960
2023/06/14 20:24:01 - mmengine - INFO - Iter(train) [ 6950/10000]  lr: 3.5005e-03  eta: 0:15:18  time: 0.3002  data_time: 0.0052  memory: 6112  loss: 0.0271  decode.loss_ce: 0.0178  decode.acc_seg: 98.6549  aux.loss_ce: 0.0093  aux.acc_seg: 98.4667
2023/06/14 20:24:16 - mmengine - INFO - Exp name: pspnet_r50-d8_4xb4-80k_ade20k-512x512_20230614_194834
2023/06/14 20:24:16 - mmengine - INFO - Iter(train) [ 7000/10000]  lr: 3.4503e-03  eta: 0:15:03  time: 0.3006  data_time: 0.0054  memory: 6112  loss: 0.0236  decode.loss_ce: 0.0155  decode.acc_seg: 99.1346  aux.loss_ce: 0.0081  aux.acc_seg: 98.9053
2023/06/14 20:24:16 - mmengine - INFO - Saving checkpoint at 7000 iterations
2023/06/14 20:24:17 - mmengine - INFO - per class results:
2023/06/14 20:24:17 - mmengine - INFO - 
+------------+-------+-------+
|   Class    |  IoU  |  Acc  |
+------------+-------+-------+
|    red     |  96.3 | 98.88 |
|   green    |  96.7 | 97.49 |
|   white    | 87.98 | 92.53 |
| seed-black | 65.92 | 75.29 |
| seed-white | 42.77 | 47.05 |
+------------+-------+-------+
2023/06/14 20:24:17 - mmengine - INFO - Iter(val) [11/11]  aAcc: 97.0300  mIoU: 77.9400  mAcc: 82.2500data_time: 0.0011  time: 0.0275  
2023/06/14 20:24:32 - mmengine - INFO - Iter(train) [ 7050/10000]  lr: 3.4000e-03  eta: 0:14:48  time: 0.3011  data_time: 0.0056  memory: 6111  loss: 0.0234  decode.loss_ce: 0.0156  decode.acc_seg: 99.0135  aux.loss_ce: 0.0078  aux.acc_seg: 98.8096
2023/06/14 20:24:47 - mmengine - INFO - Iter(train) [ 7100/10000]  lr: 3.3496e-03  eta: 0:14:33  time: 0.2998  data_time: 0.0052  memory: 6112  loss: 0.0248  decode.loss_ce: 0.0166  decode.acc_seg: 99.1176  aux.loss_ce: 0.0081  aux.acc_seg: 98.9979
2023/06/14 20:25:02 - mmengine - INFO - Iter(train) [ 7150/10000]  lr: 3.2992e-03  eta: 0:14:18  time: 0.3001  data_time: 0.0053  memory: 6112  loss: 0.0250  decode.loss_ce: 0.0167  decode.acc_seg: 99.1429  aux.loss_ce: 0.0084  aux.acc_seg: 99.0375
2023/06/14 20:25:17 - mmengine - INFO - Iter(train) [ 7200/10000]  lr: 3.2486e-03  eta: 0:14:02  time: 0.3013  data_time: 0.0061  memory: 6111  loss: 0.0238  decode.loss_ce: 0.0159  decode.acc_seg: 98.8455  aux.loss_ce: 0.0079  aux.acc_seg: 98.5689
2023/06/14 20:25:32 - mmengine - INFO - Iter(train) [ 7250/10000]  lr: 3.1979e-03  eta: 0:13:47  time: 0.2997  data_time: 0.0053  memory: 6111  loss: 0.0236  decode.loss_ce: 0.0156  decode.acc_seg: 98.6935  aux.loss_ce: 0.0081  aux.acc_seg: 98.5050
2023/06/14 20:25:47 - mmengine - INFO - Iter(train) [ 7300/10000]  lr: 3.1472e-03  eta: 0:13:32  time: 0.3000  data_time: 0.0053  memory: 6112  loss: 0.0246  decode.loss_ce: 0.0164  decode.acc_seg: 98.8440  aux.loss_ce: 0.0082  aux.acc_seg: 98.5965
2023/06/14 20:26:02 - mmengine - INFO - Iter(train) [ 7350/10000]  lr: 3.0964e-03  eta: 0:13:17  time: 0.3005  data_time: 0.0055  memory: 6113  loss: 0.0225  decode.loss_ce: 0.0149  decode.acc_seg: 99.1648  aux.loss_ce: 0.0077  aux.acc_seg: 98.9559
2023/06/14 20:26:17 - mmengine - INFO - Iter(train) [ 7400/10000]  lr: 3.0454e-03  eta: 0:13:02  time: 0.3003  data_time: 0.0058  memory: 6112  loss: 0.0257  decode.loss_ce: 0.0172  decode.acc_seg: 98.8373  aux.loss_ce: 0.0085  aux.acc_seg: 98.4684
2023/06/14 20:26:32 - mmengine - INFO - Iter(train) [ 7450/10000]  lr: 2.9944e-03  eta: 0:12:47  time: 0.3017  data_time: 0.0064  memory: 6112  loss: 0.0253  decode.loss_ce: 0.0166  decode.acc_seg: 99.1774  aux.loss_ce: 0.0087  aux.acc_seg: 99.0275
2023/06/14 20:26:47 - mmengine - INFO - Iter(train) [ 7500/10000]  lr: 2.9433e-03  eta: 0:12:32  time: 0.2998  data_time: 0.0052  memory: 6111  loss: 0.0278  decode.loss_ce: 0.0184  decode.acc_seg: 98.7650  aux.loss_ce: 0.0095  aux.acc_seg: 98.3441
2023/06/14 20:26:47 - mmengine - INFO - Saving checkpoint at 7500 iterations
2023/06/14 20:26:49 - mmengine - INFO - per class results:
2023/06/14 20:26:49 - mmengine - INFO - 
+------------+-------+-------+
|   Class    |  IoU  |  Acc  |
+------------+-------+-------+
|    red     | 96.32 | 98.65 |
|   green    |  96.5 | 97.32 |
|   white    | 88.19 | 93.46 |
| seed-black | 66.49 | 77.45 |
| seed-white | 40.99 | 44.45 |
+------------+-------+-------+
2023/06/14 20:26:49 - mmengine - INFO - Iter(val) [11/11]  aAcc: 97.0200  mIoU: 77.7000  mAcc: 82.2700data_time: 0.0012  time: 0.0278  
2023/06/14 20:27:04 - mmengine - INFO - Iter(train) [ 7550/10000]  lr: 2.8921e-03  eta: 0:12:17  time: 0.2999  data_time: 0.0057  memory: 6111  loss: 0.0238  decode.loss_ce: 0.0160  decode.acc_seg: 98.9954  aux.loss_ce: 0.0078  aux.acc_seg: 98.7309
2023/06/14 20:27:19 - mmengine - INFO - Iter(train) [ 7600/10000]  lr: 2.8407e-03  eta: 0:12:02  time: 0.2994  data_time: 0.0050  memory: 6111  loss: 0.0270  decode.loss_ce: 0.0170  decode.acc_seg: 99.2483  aux.loss_ce: 0.0100  aux.acc_seg: 99.1286
2023/06/14 20:27:34 - mmengine - INFO - Iter(train) [ 7650/10000]  lr: 2.7893e-03  eta: 0:11:47  time: 0.3002  data_time: 0.0054  memory: 6111  loss: 0.0272  decode.loss_ce: 0.0179  decode.acc_seg: 98.5446  aux.loss_ce: 0.0093  aux.acc_seg: 98.1770
2023/06/14 20:27:49 - mmengine - INFO - Iter(train) [ 7700/10000]  lr: 2.7377e-03  eta: 0:11:32  time: 0.2996  data_time: 0.0053  memory: 6112  loss: 0.0228  decode.loss_ce: 0.0150  decode.acc_seg: 98.7989  aux.loss_ce: 0.0077  aux.acc_seg: 98.5813
2023/06/14 20:28:04 - mmengine - INFO - Iter(train) [ 7750/10000]  lr: 2.6861e-03  eta: 0:11:17  time: 0.2996  data_time: 0.0053  memory: 6112  loss: 0.0221  decode.loss_ce: 0.0146  decode.acc_seg: 98.9955  aux.loss_ce: 0.0075  aux.acc_seg: 98.6459
2023/06/14 20:28:19 - mmengine - INFO - Iter(train) [ 7800/10000]  lr: 2.6343e-03  eta: 0:11:02  time: 0.3002  data_time: 0.0051  memory: 6112  loss: 0.0252  decode.loss_ce: 0.0166  decode.acc_seg: 99.1778  aux.loss_ce: 0.0086  aux.acc_seg: 98.9354
2023/06/14 20:28:34 - mmengine - INFO - Iter(train) [ 7850/10000]  lr: 2.5824e-03  eta: 0:10:47  time: 0.2996  data_time: 0.0051  memory: 6112  loss: 0.0235  decode.loss_ce: 0.0157  decode.acc_seg: 98.7998  aux.loss_ce: 0.0077  aux.acc_seg: 98.6236
2023/06/14 20:28:49 - mmengine - INFO - Iter(train) [ 7900/10000]  lr: 2.5304e-03  eta: 0:10:32  time: 0.3002  data_time: 0.0054  memory: 6112  loss: 0.0222  decode.loss_ce: 0.0145  decode.acc_seg: 99.1585  aux.loss_ce: 0.0078  aux.acc_seg: 99.0939
2023/06/14 20:29:04 - mmengine - INFO - Iter(train) [ 7950/10000]  lr: 2.4782e-03  eta: 0:10:16  time: 0.2996  data_time: 0.0050  memory: 6112  loss: 0.0253  decode.loss_ce: 0.0164  decode.acc_seg: 99.3435  aux.loss_ce: 0.0089  aux.acc_seg: 99.1680
2023/06/14 20:29:19 - mmengine - INFO - Exp name: pspnet_r50-d8_4xb4-80k_ade20k-512x512_20230614_194834
2023/06/14 20:29:19 - mmengine - INFO - Iter(train) [ 8000/10000]  lr: 2.4260e-03  eta: 0:10:01  time: 0.3005  data_time: 0.0060  memory: 6112  loss: 0.0223  decode.loss_ce: 0.0149  decode.acc_seg: 98.6043  aux.loss_ce: 0.0074  aux.acc_seg: 98.2288
2023/06/14 20:29:19 - mmengine - INFO - Saving checkpoint at 8000 iterations
2023/06/14 20:29:21 - mmengine - INFO - per class results:
2023/06/14 20:29:21 - mmengine - INFO - 
+------------+-------+-------+
|   Class    |  IoU  |  Acc  |
+------------+-------+-------+
|    red     | 96.27 | 98.68 |
|   green    | 96.61 | 97.44 |
|   white    | 88.07 | 92.81 |
| seed-black | 66.55 | 79.87 |
| seed-white | 42.81 | 47.66 |
+------------+-------+-------+
2023/06/14 20:29:21 - mmengine - INFO - Iter(val) [11/11]  aAcc: 97.0100  mIoU: 78.0600  mAcc: 83.2900data_time: 0.0011  time: 0.0277  
2023/06/14 20:29:36 - mmengine - INFO - Iter(train) [ 8050/10000]  lr: 2.3736e-03  eta: 0:09:46  time: 0.3001  data_time: 0.0054  memory: 6111  loss: 0.0247  decode.loss_ce: 0.0163  decode.acc_seg: 98.4755  aux.loss_ce: 0.0084  aux.acc_seg: 98.2605
2023/06/14 20:29:51 - mmengine - INFO - Iter(train) [ 8100/10000]  lr: 2.3210e-03  eta: 0:09:31  time: 0.2988  data_time: 0.0047  memory: 6111  loss: 0.0288  decode.loss_ce: 0.0192  decode.acc_seg: 99.0229  aux.loss_ce: 0.0095  aux.acc_seg: 98.8262
2023/06/14 20:30:06 - mmengine - INFO - Iter(train) [ 8150/10000]  lr: 2.2683e-03  eta: 0:09:16  time: 0.2999  data_time: 0.0051  memory: 6111  loss: 0.0261  decode.loss_ce: 0.0171  decode.acc_seg: 99.1444  aux.loss_ce: 0.0090  aux.acc_seg: 98.9850
2023/06/14 20:30:21 - mmengine - INFO - Iter(train) [ 8200/10000]  lr: 2.2155e-03  eta: 0:09:01  time: 0.2995  data_time: 0.0054  memory: 6111  loss: 0.0249  decode.loss_ce: 0.0163  decode.acc_seg: 99.0350  aux.loss_ce: 0.0086  aux.acc_seg: 98.7518
2023/06/14 20:30:36 - mmengine - INFO - Iter(train) [ 8250/10000]  lr: 2.1626e-03  eta: 0:08:46  time: 0.3001  data_time: 0.0052  memory: 6112  loss: 0.0219  decode.loss_ce: 0.0147  decode.acc_seg: 99.1945  aux.loss_ce: 0.0073  aux.acc_seg: 99.0447
2023/06/14 20:30:51 - mmengine - INFO - Iter(train) [ 8300/10000]  lr: 2.1095e-03  eta: 0:08:31  time: 0.2996  data_time: 0.0055  memory: 6112  loss: 0.0219  decode.loss_ce: 0.0146  decode.acc_seg: 99.0896  aux.loss_ce: 0.0074  aux.acc_seg: 98.9838
2023/06/14 20:31:06 - mmengine - INFO - Iter(train) [ 8350/10000]  lr: 2.0562e-03  eta: 0:08:16  time: 0.3016  data_time: 0.0062  memory: 6112  loss: 0.0235  decode.loss_ce: 0.0156  decode.acc_seg: 99.2103  aux.loss_ce: 0.0079  aux.acc_seg: 99.0283
2023/06/14 20:31:21 - mmengine - INFO - Iter(train) [ 8400/10000]  lr: 2.0028e-03  eta: 0:08:01  time: 0.2996  data_time: 0.0052  memory: 6112  loss: 0.0235  decode.loss_ce: 0.0154  decode.acc_seg: 98.8974  aux.loss_ce: 0.0081  aux.acc_seg: 98.5456
2023/06/14 20:31:36 - mmengine - INFO - Iter(train) [ 8450/10000]  lr: 1.9492e-03  eta: 0:07:46  time: 0.2997  data_time: 0.0051  memory: 6111  loss: 0.0227  decode.loss_ce: 0.0150  decode.acc_seg: 98.9453  aux.loss_ce: 0.0077  aux.acc_seg: 98.7160
2023/06/14 20:31:51 - mmengine - INFO - Iter(train) [ 8500/10000]  lr: 1.8954e-03  eta: 0:07:31  time: 0.2997  data_time: 0.0053  memory: 6111  loss: 0.0216  decode.loss_ce: 0.0143  decode.acc_seg: 98.7804  aux.loss_ce: 0.0073  aux.acc_seg: 98.5105
2023/06/14 20:31:51 - mmengine - INFO - Saving checkpoint at 8500 iterations
2023/06/14 20:31:52 - mmengine - INFO - per class results:
2023/06/14 20:31:52 - mmengine - INFO - 
+------------+-------+-------+
|   Class    |  IoU  |  Acc  |
+------------+-------+-------+
|    red     | 96.35 | 98.71 |
|   green    | 96.72 | 97.29 |
|   white    | 88.28 | 93.42 |
| seed-black | 66.52 | 77.91 |
| seed-white | 42.05 | 46.61 |
+------------+-------+-------+
2023/06/14 20:31:52 - mmengine - INFO - Iter(val) [11/11]  aAcc: 97.0600  mIoU: 77.9800  mAcc: 82.7900data_time: 0.0010  time: 0.0275  
2023/06/14 20:31:52 - mmengine - INFO - The previous best checkpoint /root/autodl-tmp/mmsegmentation/work_dirs/pspnet_r50-d8_4xb4-80k_ade20k-512x512/best_aAcc_iter_4000.pth is removed
2023/06/14 20:31:53 - mmengine - INFO - The best checkpoint with 97.0600 aAcc at 8500 iter is saved to best_aAcc_iter_8500.pth.
2023/06/14 20:32:08 - mmengine - INFO - Iter(train) [ 8550/10000]  lr: 1.8414e-03  eta: 0:07:16  time: 0.2999  data_time: 0.0053  memory: 6111  loss: 0.0230  decode.loss_ce: 0.0151  decode.acc_seg: 99.1997  aux.loss_ce: 0.0079  aux.acc_seg: 99.0215
2023/06/14 20:32:23 - mmengine - INFO - Iter(train) [ 8600/10000]  lr: 1.7873e-03  eta: 0:07:01  time: 0.3001  data_time: 0.0061  memory: 6113  loss: 0.0245  decode.loss_ce: 0.0162  decode.acc_seg: 98.5044  aux.loss_ce: 0.0083  aux.acc_seg: 98.3302
2023/06/14 20:32:38 - mmengine - INFO - Iter(train) [ 8650/10000]  lr: 1.7330e-03  eta: 0:06:46  time: 0.3001  data_time: 0.0056  memory: 6111  loss: 0.0218  decode.loss_ce: 0.0146  decode.acc_seg: 98.8027  aux.loss_ce: 0.0072  aux.acc_seg: 98.5389
2023/06/14 20:32:53 - mmengine - INFO - Iter(train) [ 8700/10000]  lr: 1.6784e-03  eta: 0:06:31  time: 0.3002  data_time: 0.0056  memory: 6112  loss: 0.0239  decode.loss_ce: 0.0158  decode.acc_seg: 98.7693  aux.loss_ce: 0.0081  aux.acc_seg: 98.4450
2023/06/14 20:33:08 - mmengine - INFO - Iter(train) [ 8750/10000]  lr: 1.6237e-03  eta: 0:06:16  time: 0.2993  data_time: 0.0053  memory: 6112  loss: 0.0267  decode.loss_ce: 0.0175  decode.acc_seg: 98.9902  aux.loss_ce: 0.0092  aux.acc_seg: 98.7548
2023/06/14 20:33:23 - mmengine - INFO - Iter(train) [ 8800/10000]  lr: 1.5687e-03  eta: 0:06:01  time: 0.3000  data_time: 0.0056  memory: 6111  loss: 0.0234  decode.loss_ce: 0.0158  decode.acc_seg: 98.9563  aux.loss_ce: 0.0076  aux.acc_seg: 98.7835
2023/06/14 20:33:38 - mmengine - INFO - Iter(train) [ 8850/10000]  lr: 1.5135e-03  eta: 0:05:46  time: 0.2998  data_time: 0.0056  memory: 6111  loss: 0.0231  decode.loss_ce: 0.0152  decode.acc_seg: 98.7768  aux.loss_ce: 0.0079  aux.acc_seg: 98.5567
2023/06/14 20:33:53 - mmengine - INFO - Iter(train) [ 8900/10000]  lr: 1.4581e-03  eta: 0:05:31  time: 0.3000  data_time: 0.0053  memory: 6111  loss: 0.0234  decode.loss_ce: 0.0155  decode.acc_seg: 98.7739  aux.loss_ce: 0.0079  aux.acc_seg: 98.4361
2023/06/14 20:34:08 - mmengine - INFO - Iter(train) [ 8950/10000]  lr: 1.4024e-03  eta: 0:05:16  time: 0.3014  data_time: 0.0052  memory: 6112  loss: 0.0262  decode.loss_ce: 0.0173  decode.acc_seg: 98.7818  aux.loss_ce: 0.0089  aux.acc_seg: 98.5780
2023/06/14 20:34:23 - mmengine - INFO - Exp name: pspnet_r50-d8_4xb4-80k_ade20k-512x512_20230614_194834
2023/06/14 20:34:23 - mmengine - INFO - Iter(train) [ 9000/10000]  lr: 1.3464e-03  eta: 0:05:00  time: 0.3011  data_time: 0.0056  memory: 6112  loss: 0.0217  decode.loss_ce: 0.0145  decode.acc_seg: 98.6747  aux.loss_ce: 0.0071  aux.acc_seg: 98.5516
2023/06/14 20:34:23 - mmengine - INFO - Saving checkpoint at 9000 iterations
2023/06/14 20:34:25 - mmengine - INFO - per class results:
2023/06/14 20:34:25 - mmengine - INFO - 
+------------+-------+-------+
|   Class    |  IoU  |  Acc  |
+------------+-------+-------+
|    red     | 96.29 | 98.66 |
|   green    | 96.73 | 97.43 |
|   white    | 88.11 |  93.1 |
| seed-black | 66.93 | 79.24 |
| seed-white | 43.83 | 48.41 |
+------------+-------+-------+
2023/06/14 20:34:25 - mmengine - INFO - Iter(val) [11/11]  aAcc: 97.0300  mIoU: 78.3800  mAcc: 83.3700data_time: 0.0011  time: 0.0275  
2023/06/14 20:34:40 - mmengine - INFO - Iter(train) [ 9050/10000]  lr: 1.2902e-03  eta: 0:04:45  time: 0.2996  data_time: 0.0050  memory: 6112  loss: 0.0200  decode.loss_ce: 0.0133  decode.acc_seg: 99.0350  aux.loss_ce: 0.0068  aux.acc_seg: 98.8570
2023/06/14 20:34:55 - mmengine - INFO - Iter(train) [ 9100/10000]  lr: 1.2337e-03  eta: 0:04:30  time: 0.2999  data_time: 0.0053  memory: 6112  loss: 0.0245  decode.loss_ce: 0.0163  decode.acc_seg: 98.7581  aux.loss_ce: 0.0082  aux.acc_seg: 98.6235
2023/06/14 20:35:10 - mmengine - INFO - Iter(train) [ 9150/10000]  lr: 1.1768e-03  eta: 0:04:15  time: 0.3000  data_time: 0.0056  memory: 6112  loss: 0.0219  decode.loss_ce: 0.0144  decode.acc_seg: 98.6835  aux.loss_ce: 0.0074  aux.acc_seg: 98.2403
2023/06/14 20:35:25 - mmengine - INFO - Iter(train) [ 9200/10000]  lr: 1.1197e-03  eta: 0:04:00  time: 0.3009  data_time: 0.0055  memory: 6111  loss: 0.0235  decode.loss_ce: 0.0155  decode.acc_seg: 98.9547  aux.loss_ce: 0.0080  aux.acc_seg: 98.6937
2023/06/14 20:35:40 - mmengine - INFO - Iter(train) [ 9250/10000]  lr: 1.0621e-03  eta: 0:03:45  time: 0.3011  data_time: 0.0063  memory: 6112  loss: 0.0239  decode.loss_ce: 0.0157  decode.acc_seg: 98.8805  aux.loss_ce: 0.0082  aux.acc_seg: 98.4111
2023/06/14 20:35:55 - mmengine - INFO - Iter(train) [ 9300/10000]  lr: 1.0042e-03  eta: 0:03:30  time: 0.2992  data_time: 0.0052  memory: 6111  loss: 0.0227  decode.loss_ce: 0.0151  decode.acc_seg: 98.8438  aux.loss_ce: 0.0076  aux.acc_seg: 98.5532
2023/06/14 20:36:10 - mmengine - INFO - Iter(train) [ 9350/10000]  lr: 9.4586e-04  eta: 0:03:15  time: 0.3003  data_time: 0.0053  memory: 6111  loss: 0.0241  decode.loss_ce: 0.0160  decode.acc_seg: 99.0430  aux.loss_ce: 0.0081  aux.acc_seg: 98.8937
2023/06/14 20:36:25 - mmengine - INFO - Iter(train) [ 9400/10000]  lr: 8.8706e-04  eta: 0:03:00  time: 0.2995  data_time: 0.0052  memory: 6112  loss: 0.0236  decode.loss_ce: 0.0156  decode.acc_seg: 98.9439  aux.loss_ce: 0.0079  aux.acc_seg: 98.6593
2023/06/14 20:36:40 - mmengine - INFO - Iter(train) [ 9450/10000]  lr: 8.2778e-04  eta: 0:02:45  time: 0.2994  data_time: 0.0050  memory: 6112  loss: 0.0244  decode.loss_ce: 0.0161  decode.acc_seg: 98.9036  aux.loss_ce: 0.0082  aux.acc_seg: 98.6801
2023/06/14 20:36:55 - mmengine - INFO - Iter(train) [ 9500/10000]  lr: 7.6796e-04  eta: 0:02:30  time: 0.3004  data_time: 0.0058  memory: 6111  loss: 0.0225  decode.loss_ce: 0.0149  decode.acc_seg: 99.3015  aux.loss_ce: 0.0076  aux.acc_seg: 99.1914
2023/06/14 20:36:55 - mmengine - INFO - Saving checkpoint at 9500 iterations
2023/06/14 20:36:57 - mmengine - INFO - per class results:
2023/06/14 20:36:57 - mmengine - INFO - 
+------------+-------+-------+
|   Class    |  IoU  |  Acc  |
+------------+-------+-------+
|    red     |  96.3 | 98.73 |
|   green    | 96.57 | 97.29 |
|   white    | 88.02 | 93.04 |
| seed-black | 66.36 |  77.1 |
| seed-white | 42.57 | 47.19 |
+------------+-------+-------+
2023/06/14 20:36:57 - mmengine - INFO - Iter(val) [11/11]  aAcc: 97.0100  mIoU: 77.9600  mAcc: 82.6700data_time: 0.0010  time: 0.0276  
2023/06/14 20:37:12 - mmengine - INFO - Iter(train) [ 9550/10000]  lr: 7.0753e-04  eta: 0:02:15  time: 0.3010  data_time: 0.0063  memory: 6111  loss: 0.0221  decode.loss_ce: 0.0145  decode.acc_seg: 99.0744  aux.loss_ce: 0.0076  aux.acc_seg: 98.8218
2023/06/14 20:37:27 - mmengine - INFO - Iter(train) [ 9600/10000]  lr: 6.4642e-04  eta: 0:02:00  time: 0.3002  data_time: 0.0053  memory: 6112  loss: 0.0233  decode.loss_ce: 0.0154  decode.acc_seg: 99.0003  aux.loss_ce: 0.0079  aux.acc_seg: 98.7152
2023/06/14 20:37:42 - mmengine - INFO - Iter(train) [ 9650/10000]  lr: 5.8455e-04  eta: 0:01:45  time: 0.2995  data_time: 0.0053  memory: 6112  loss: 0.0212  decode.loss_ce: 0.0142  decode.acc_seg: 99.2932  aux.loss_ce: 0.0070  aux.acc_seg: 99.1688
2023/06/14 20:37:57 - mmengine - INFO - Iter(train) [ 9700/10000]  lr: 5.2178e-04  eta: 0:01:30  time: 0.3000  data_time: 0.0056  memory: 6111  loss: 0.0258  decode.loss_ce: 0.0169  decode.acc_seg: 98.8749  aux.loss_ce: 0.0089  aux.acc_seg: 98.6194
2023/06/14 20:38:12 - mmengine - INFO - Iter(train) [ 9750/10000]  lr: 4.5795e-04  eta: 0:01:15  time: 0.3000  data_time: 0.0056  memory: 6113  loss: 0.0220  decode.loss_ce: 0.0147  decode.acc_seg: 98.7918  aux.loss_ce: 0.0073  aux.acc_seg: 98.5721
2023/06/14 20:38:27 - mmengine - INFO - Iter(train) [ 9800/10000]  lr: 3.9282e-04  eta: 0:01:00  time: 0.3019  data_time: 0.0066  memory: 6111  loss: 0.0242  decode.loss_ce: 0.0157  decode.acc_seg: 99.0872  aux.loss_ce: 0.0084  aux.acc_seg: 98.9592
2023/06/14 20:38:42 - mmengine - INFO - Iter(train) [ 9850/10000]  lr: 3.2602e-04  eta: 0:00:45  time: 0.3003  data_time: 0.0057  memory: 6111  loss: 0.0226  decode.loss_ce: 0.0149  decode.acc_seg: 98.4594  aux.loss_ce: 0.0076  aux.acc_seg: 98.0369
2023/06/14 20:38:57 - mmengine - INFO - Iter(train) [ 9900/10000]  lr: 2.5692e-04  eta: 0:00:30  time: 0.2998  data_time: 0.0057  memory: 6112  loss: 0.0250  decode.loss_ce: 0.0164  decode.acc_seg: 99.0182  aux.loss_ce: 0.0086  aux.acc_seg: 98.8345
2023/06/14 20:39:12 - mmengine - INFO - Iter(train) [ 9950/10000]  lr: 1.8409e-04  eta: 0:00:15  time: 0.2997  data_time: 0.0053  memory: 6111  loss: 0.0238  decode.loss_ce: 0.0158  decode.acc_seg: 98.9962  aux.loss_ce: 0.0080  aux.acc_seg: 98.8285
2023/06/14 20:39:27 - mmengine - INFO - Exp name: pspnet_r50-d8_4xb4-80k_ade20k-512x512_20230614_194834
2023/06/14 20:39:27 - mmengine - INFO - Iter(train) [10000/10000]  lr: 1.0000e-04  eta: 0:00:00  time: 0.2997  data_time: 0.0047  memory: 6112  loss: 0.0258  decode.loss_ce: 0.0169  decode.acc_seg: 98.5734  aux.loss_ce: 0.0089  aux.acc_seg: 97.9442
2023/06/14 20:39:27 - mmengine - INFO - Saving checkpoint at 10000 iterations
2023/06/14 20:39:28 - mmengine - INFO - per class results:
2023/06/14 20:39:28 - mmengine - INFO - 
+------------+-------+-------+
|   Class    |  IoU  |  Acc  |
+------------+-------+-------+
|    red     |  96.3 |  98.7 |
|   green    | 96.57 | 97.41 |
|   white    | 87.99 |  92.9 |
| seed-black | 66.85 | 78.63 |
| seed-white | 44.11 | 48.76 |
+------------+-------+-------+
2023/06/14 20:39:28 - mmengine - INFO - Iter(val) [11/11]  aAcc: 97.0100  mIoU: 78.3600  mAcc: 83.2800data_time: 0.0010  time: 0.0274  
